<?xml version="1.0" encoding="UTF-8"?>
<testsuite xmlns:xsi="http://www.w3.org/2001/XMLSchema-instance" xsi:noNamespaceSchemaLocation="https://maven.apache.org/surefire/maven-surefire-plugin/xsd/surefire-test-report-3.0.xsd" version="3.0" name="TestSuite" time="128.108" tests="5" errors="0" skipped="0" failures="0">
  <properties>
    <property name="sun.desktop" value="windows"/>
    <property name="awt.toolkit" value="sun.awt.windows.WToolkit"/>
    <property name="java.specification.version" value="11"/>
    <property name="webdriver.chrome.driver" value="C:\Users\Admin\.cache\selenium\chromedriver\win32\114.0.5735.90\chromedriver.exe"/>
    <property name="sun.cpu.isalist" value="amd64"/>
    <property name="sun.jnu.encoding" value="Cp1252"/>
    <property name="java.class.path" value="C:\Users\Admin\eclipse-workspace\seleniumframeworkdesign\target\test-classes;C:\Users\Admin\eclipse-workspace\seleniumframeworkdesign\target\classes;C:\Users\Admin\.m2\repository\io\github\bonigarcia\webdrivermanager\5.2.1\webdrivermanager-5.2.1.jar;C:\Users\Admin\.m2\repository\org\slf4j\slf4j-api\1.7.36\slf4j-api-1.7.36.jar;C:\Users\Admin\.m2\repository\com\google\code\gson\gson\2.9.0\gson-2.9.0.jar;C:\Users\Admin\.m2\repository\com\github\docker-java\docker-java\3.2.13\docker-java-3.2.13.jar;C:\Users\Admin\.m2\repository\com\github\docker-java\docker-java-core\3.2.13\docker-java-core-3.2.13.jar;C:\Users\Admin\.m2\repository\com\github\docker-java\docker-java-api\3.2.13\docker-java-api-3.2.13.jar;C:\Users\Admin\.m2\repository\org\slf4j\jcl-over-slf4j\1.7.30\jcl-over-slf4j-1.7.30.jar;C:\Users\Admin\.m2\repository\com\github\docker-java\docker-java-transport-httpclient5\3.2.13\docker-java-transport-httpclient5-3.2.13.jar;C:\Users\Admin\.m2\repository\com\github\docker-java\docker-java-transport\3.2.13\docker-java-transport-3.2.13.jar;C:\Users\Admin\.m2\repository\net\java\dev\jna\jna\5.8.0\jna-5.8.0.jar;C:\Users\Admin\.m2\repository\org\brotli\dec\0.1.2\dec-0.1.2.jar;C:\Users\Admin\.m2\repository\org\apache\commons\commons-lang3\3.12.0\commons-lang3-3.12.0.jar;C:\Users\Admin\.m2\repository\org\apache\httpcomponents\client5\httpclient5\5.1.3\httpclient5-5.1.3.jar;C:\Users\Admin\.m2\repository\org\apache\httpcomponents\core5\httpcore5\5.1.3\httpcore5-5.1.3.jar;C:\Users\Admin\.m2\repository\org\apache\httpcomponents\core5\httpcore5-h2\5.1.3\httpcore5-h2-5.1.3.jar;C:\Users\Admin\.m2\repository\com\mysql\mysql-connector-j\8.0.32\mysql-connector-j-8.0.32.jar;C:\Users\Admin\.m2\repository\com\google\protobuf\protobuf-java\3.21.9\protobuf-java-3.21.9.jar;C:\Users\Admin\.m2\repository\org\seleniumhq\selenium\selenium-java\4.7.2\selenium-java-4.7.2.jar;C:\Users\Admin\.m2\repository\org\seleniumhq\selenium\selenium-api\4.7.2\selenium-api-4.7.2.jar;C:\Users\Admin\.m2\repository\org\seleniumhq\selenium\selenium-chrome-driver\4.7.2\selenium-chrome-driver-4.7.2.jar;C:\Users\Admin\.m2\repository\com\google\auto\service\auto-service-annotations\1.0.1\auto-service-annotations-1.0.1.jar;C:\Users\Admin\.m2\repository\com\google\auto\service\auto-service\1.0.1\auto-service-1.0.1.jar;C:\Users\Admin\.m2\repository\com\google\auto\auto-common\1.2\auto-common-1.2.jar;C:\Users\Admin\.m2\repository\com\google\guava\guava\31.1-jre\guava-31.1-jre.jar;C:\Users\Admin\.m2\repository\com\google\guava\failureaccess\1.0.1\failureaccess-1.0.1.jar;C:\Users\Admin\.m2\repository\com\google\guava\listenablefuture\9999.0-empty-to-avoid-conflict-with-guava\listenablefuture-9999.0-empty-to-avoid-conflict-with-guava.jar;C:\Users\Admin\.m2\repository\com\google\code\findbugs\jsr305\3.0.2\jsr305-3.0.2.jar;C:\Users\Admin\.m2\repository\org\checkerframework\checker-qual\3.12.0\checker-qual-3.12.0.jar;C:\Users\Admin\.m2\repository\com\google\errorprone\error_prone_annotations\2.11.0\error_prone_annotations-2.11.0.jar;C:\Users\Admin\.m2\repository\com\google\j2objc\j2objc-annotations\1.3\j2objc-annotations-1.3.jar;C:\Users\Admin\.m2\repository\org\seleniumhq\selenium\selenium-chromium-driver\4.7.2\selenium-chromium-driver-4.7.2.jar;C:\Users\Admin\.m2\repository\org\seleniumhq\selenium\selenium-json\4.7.2\selenium-json-4.7.2.jar;C:\Users\Admin\.m2\repository\org\seleniumhq\selenium\selenium-devtools-v106\4.7.2\selenium-devtools-v106-4.7.2.jar;C:\Users\Admin\.m2\repository\org\seleniumhq\selenium\selenium-devtools-v107\4.7.2\selenium-devtools-v107-4.7.2.jar;C:\Users\Admin\.m2\repository\org\seleniumhq\selenium\selenium-devtools-v108\4.7.2\selenium-devtools-v108-4.7.2.jar;C:\Users\Admin\.m2\repository\org\seleniumhq\selenium\selenium-devtools-v85\4.7.2\selenium-devtools-v85-4.7.2.jar;C:\Users\Admin\.m2\repository\org\seleniumhq\selenium\selenium-edge-driver\4.7.2\selenium-edge-driver-4.7.2.jar;C:\Users\Admin\.m2\repository\org\seleniumhq\selenium\selenium-firefox-driver\4.7.2\selenium-firefox-driver-4.7.2.jar;C:\Users\Admin\.m2\repository\org\seleniumhq\selenium\selenium-http\4.7.2\selenium-http-4.7.2.jar;C:\Users\Admin\.m2\repository\dev\failsafe\failsafe\3.3.0\failsafe-3.3.0.jar;C:\Users\Admin\.m2\repository\org\seleniumhq\selenium\selenium-ie-driver\4.7.2\selenium-ie-driver-4.7.2.jar;C:\Users\Admin\.m2\repository\org\seleniumhq\selenium\selenium-remote-driver\4.7.2\selenium-remote-driver-4.7.2.jar;C:\Users\Admin\.m2\repository\io\netty\netty-buffer\4.1.84.Final\netty-buffer-4.1.84.Final.jar;C:\Users\Admin\.m2\repository\io\netty\netty-codec-http\4.1.84.Final\netty-codec-http-4.1.84.Final.jar;C:\Users\Admin\.m2\repository\io\netty\netty-codec\4.1.84.Final\netty-codec-4.1.84.Final.jar;C:\Users\Admin\.m2\repository\io\netty\netty-handler\4.1.84.Final\netty-handler-4.1.84.Final.jar;C:\Users\Admin\.m2\repository\io\netty\netty-common\4.1.84.Final\netty-common-4.1.84.Final.jar;C:\Users\Admin\.m2\repository\io\netty\netty-transport-classes-epoll\4.1.84.Final\netty-transport-classes-epoll-4.1.84.Final.jar;C:\Users\Admin\.m2\repository\io\netty\netty-transport-classes-kqueue\4.1.84.Final\netty-transport-classes-kqueue-4.1.84.Final.jar;C:\Users\Admin\.m2\repository\io\netty\netty-transport-native-epoll\4.1.84.Final\netty-transport-native-epoll-4.1.84.Final.jar;C:\Users\Admin\.m2\repository\io\netty\netty-transport-native-kqueue\4.1.84.Final\netty-transport-native-kqueue-4.1.84.Final.jar;C:\Users\Admin\.m2\repository\io\netty\netty-transport-native-unix-common\4.1.84.Final\netty-transport-native-unix-common-4.1.84.Final.jar;C:\Users\Admin\.m2\repository\io\netty\netty-transport\4.1.84.Final\netty-transport-4.1.84.Final.jar;C:\Users\Admin\.m2\repository\io\netty\netty-resolver\4.1.84.Final\netty-resolver-4.1.84.Final.jar;C:\Users\Admin\.m2\repository\io\opentelemetry\opentelemetry-api\1.19.0\opentelemetry-api-1.19.0.jar;C:\Users\Admin\.m2\repository\io\opentelemetry\opentelemetry-context\1.19.0\opentelemetry-context-1.19.0.jar;C:\Users\Admin\.m2\repository\io\opentelemetry\opentelemetry-exporter-logging\1.19.0\opentelemetry-exporter-logging-1.19.0.jar;C:\Users\Admin\.m2\repository\io\opentelemetry\opentelemetry-sdk-metrics\1.19.0\opentelemetry-sdk-metrics-1.19.0.jar;C:\Users\Admin\.m2\repository\io\opentelemetry\opentelemetry-sdk-logs\1.19.0-alpha\opentelemetry-sdk-logs-1.19.0-alpha.jar;C:\Users\Admin\.m2\repository\io\opentelemetry\opentelemetry-api-logs\1.19.0-alpha\opentelemetry-api-logs-1.19.0-alpha.jar;C:\Users\Admin\.m2\repository\io\opentelemetry\opentelemetry-sdk-common\1.19.0\opentelemetry-sdk-common-1.19.0.jar;C:\Users\Admin\.m2\repository\io\opentelemetry\opentelemetry-sdk-extension-autoconfigure-spi\1.19.0\opentelemetry-sdk-extension-autoconfigure-spi-1.19.0.jar;C:\Users\Admin\.m2\repository\io\opentelemetry\opentelemetry-sdk-extension-autoconfigure\1.19.0-alpha\opentelemetry-sdk-extension-autoconfigure-1.19.0-alpha.jar;C:\Users\Admin\.m2\repository\io\opentelemetry\opentelemetry-exporter-common\1.19.0\opentelemetry-exporter-common-1.19.0.jar;C:\Users\Admin\.m2\repository\io\opentelemetry\opentelemetry-sdk-trace\1.19.0\opentelemetry-sdk-trace-1.19.0.jar;C:\Users\Admin\.m2\repository\io\opentelemetry\opentelemetry-sdk\1.19.0\opentelemetry-sdk-1.19.0.jar;C:\Users\Admin\.m2\repository\io\opentelemetry\opentelemetry-semconv\1.19.0-alpha\opentelemetry-semconv-1.19.0-alpha.jar;C:\Users\Admin\.m2\repository\io\ous\jtoml\2.0.0\jtoml-2.0.0.jar;C:\Users\Admin\.m2\repository\net\bytebuddy\byte-buddy\1.12.18\byte-buddy-1.12.18.jar;C:\Users\Admin\.m2\repository\org\apache\commons\commons-exec\1.3\commons-exec-1.3.jar;C:\Users\Admin\.m2\repository\org\asynchttpclient\async-http-client\2.12.3\async-http-client-2.12.3.jar;C:\Users\Admin\.m2\repository\org\asynchttpclient\async-http-client-netty-utils\2.12.3\async-http-client-netty-utils-2.12.3.jar;C:\Users\Admin\.m2\repository\io\netty\netty-codec-socks\4.1.60.Final\netty-codec-socks-4.1.60.Final.jar;C:\Users\Admin\.m2\repository\io\netty\netty-handler-proxy\4.1.60.Final\netty-handler-proxy-4.1.60.Final.jar;C:\Users\Admin\.m2\repository\io\netty\netty-transport-native-epoll\4.1.60.Final\netty-transport-native-epoll-4.1.60.Final-linux-x86_64.jar;C:\Users\Admin\.m2\repository\io\netty\netty-transport-native-kqueue\4.1.60.Final\netty-transport-native-kqueue-4.1.60.Final-osx-x86_64.jar;C:\Users\Admin\.m2\repository\com\typesafe\netty\netty-reactive-streams\2.0.4\netty-reactive-streams-2.0.4.jar;C:\Users\Admin\.m2\repository\com\sun\activation\jakarta.activation\1.2.2\jakarta.activation-1.2.2.jar;C:\Users\Admin\.m2\repository\org\seleniumhq\selenium\selenium-manager\4.7.2\selenium-manager-4.7.2.jar;C:\Users\Admin\.m2\repository\org\seleniumhq\selenium\selenium-safari-driver\4.7.2\selenium-safari-driver-4.7.2.jar;C:\Users\Admin\.m2\repository\org\seleniumhq\selenium\selenium-support\4.7.2\selenium-support-4.7.2.jar;C:\Users\Admin\.m2\repository\org\testng\testng\7.7.0\testng-7.7.0.jar;C:\Users\Admin\.m2\repository\com\beust\jcommander\1.82\jcommander-1.82.jar;C:\Users\Admin\.m2\repository\org\webjars\jquery\3.6.1\jquery-3.6.1.jar;C:\Users\Admin\.m2\repository\io\cucumber\cucumber-java\7.11.0\cucumber-java-7.11.0.jar;C:\Users\Admin\.m2\repository\io\cucumber\cucumber-core\7.11.0\cucumber-core-7.11.0.jar;C:\Users\Admin\.m2\repository\io\cucumber\cucumber-gherkin\7.11.0\cucumber-gherkin-7.11.0.jar;C:\Users\Admin\.m2\repository\io\cucumber\cucumber-gherkin-messages\7.11.0\cucumber-gherkin-messages-7.11.0.jar;C:\Users\Admin\.m2\repository\io\cucumber\gherkin\26.0.3\gherkin-26.0.3.jar;C:\Users\Admin\.m2\repository\io\cucumber\messages\21.0.1\messages-21.0.1.jar;C:\Users\Admin\.m2\repository\io\cucumber\tag-expressions\5.0.1\tag-expressions-5.0.1.jar;C:\Users\Admin\.m2\repository\io\cucumber\cucumber-expressions\16.1.1\cucumber-expressions-16.1.1.jar;C:\Users\Admin\.m2\repository\io\cucumber\datatable\7.11.0\datatable-7.11.0.jar;C:\Users\Admin\.m2\repository\io\cucumber\cucumber-plugin\7.11.0\cucumber-plugin-7.11.0.jar;C:\Users\Admin\.m2\repository\io\cucumber\docstring\7.11.0\docstring-7.11.0.jar;C:\Users\Admin\.m2\repository\io\cucumber\html-formatter\20.2.1\html-formatter-20.2.1.jar;C:\Users\Admin\.m2\repository\io\cucumber\junit-xml-formatter\0.1.0\junit-xml-formatter-0.1.0.jar;C:\Users\Admin\.m2\repository\io\cucumber\ci-environment\9.1.0\ci-environment-9.1.0.jar;C:\Users\Admin\.m2\repository\org\apiguardian\apiguardian-api\1.1.2\apiguardian-api-1.1.2.jar;C:\Users\Admin\.m2\repository\io\cucumber\cucumber-testng\7.11.0\cucumber-testng-7.11.0.jar;C:\Users\Admin\.m2\repository\org\apache\poi\poi-ooxml\5.2.3\poi-ooxml-5.2.3.jar;C:\Users\Admin\.m2\repository\org\apache\poi\poi-ooxml-lite\5.2.3\poi-ooxml-lite-5.2.3.jar;C:\Users\Admin\.m2\repository\org\apache\xmlbeans\xmlbeans\5.1.1\xmlbeans-5.1.1.jar;C:\Users\Admin\.m2\repository\org\apache\commons\commons-compress\1.21\commons-compress-1.21.jar;C:\Users\Admin\.m2\repository\commons-io\commons-io\2.11.0\commons-io-2.11.0.jar;C:\Users\Admin\.m2\repository\com\github\virtuald\curvesapi\1.07\curvesapi-1.07.jar;C:\Users\Admin\.m2\repository\org\apache\logging\log4j\log4j-api\2.18.0\log4j-api-2.18.0.jar;C:\Users\Admin\.m2\repository\org\apache\commons\commons-collections4\4.4\commons-collections4-4.4.jar;C:\Users\Admin\.m2\repository\org\apache\poi\poi\5.2.3\poi-5.2.3.jar;C:\Users\Admin\.m2\repository\commons-codec\commons-codec\1.15\commons-codec-1.15.jar;C:\Users\Admin\.m2\repository\org\apache\commons\commons-math3\3.6.1\commons-math3-3.6.1.jar;C:\Users\Admin\.m2\repository\com\zaxxer\SparseBitSet\1.2\SparseBitSet-1.2.jar;C:\Users\Admin\.m2\repository\com\aventstack\extentreports\5.0.9\extentreports-5.0.9.jar;C:\Users\Admin\.m2\repository\io\reactivex\rxjava3\rxjava\3.0.4\rxjava-3.0.4.jar;C:\Users\Admin\.m2\repository\org\reactivestreams\reactive-streams\1.0.3\reactive-streams-1.0.3.jar;C:\Users\Admin\.m2\repository\org\freemarker\freemarker\2.3.30\freemarker-2.3.30.jar;C:\Users\Admin\.m2\repository\org\projectlombok\lombok\1.18.12\lombok-1.18.12.jar;C:\Users\Admin\.m2\repository\com\fasterxml\jackson\core\jackson-databind\2.14.1\jackson-databind-2.14.1.jar;C:\Users\Admin\.m2\repository\com\fasterxml\jackson\core\jackson-annotations\2.14.1\jackson-annotations-2.14.1.jar;C:\Users\Admin\.m2\repository\com\fasterxml\jackson\core\jackson-core\2.14.1\jackson-core-2.14.1.jar;C:\Users\Admin\.m2\repository\com\browserstack\browserstack-java-sdk\1.9.2\browserstack-java-sdk-1.9.2.jar;C:\Users\Admin\.m2\repository\org\javassist\javassist\3.26.0-GA\javassist-3.26.0-GA.jar;C:\Users\Admin\.m2\repository\com\browserstack\browserstack-local-java\1.0.9\browserstack-local-java-1.0.9.jar;C:\Users\Admin\.m2\repository\org\json\json\20230227\json-20230227.jar;C:\Users\Admin\.m2\repository\com\googlecode\json-simple\json-simple\1.1.1\json-simple-1.1.1.jar;C:\Users\Admin\.m2\repository\junit\junit\4.10\junit-4.10.jar;C:\Users\Admin\.m2\repository\org\hamcrest\hamcrest-core\1.1\hamcrest-core-1.1.jar;C:\Users\Admin\.m2\repository\org\yaml\snakeyaml\2.0\snakeyaml-2.0.jar;C:\Users\Admin\.m2\repository\org\apache\maven\maven-artifact\3.8.6\maven-artifact-3.8.6.jar;C:\Users\Admin\.m2\repository\org\codehaus\plexus\plexus-utils\3.3.1\plexus-utils-3.3.1.jar;C:\Users\Admin\.m2\repository\com\squareup\okhttp3\okhttp\3.14.9\okhttp-3.14.9.jar;C:\Users\Admin\.m2\repository\com\squareup\okio\okio\1.17.2\okio-1.17.2.jar;C:\Users\Admin\.m2\repository\org\jsoup\jsoup\1.15.3\jsoup-1.15.3.jar;C:\Users\Admin\.m2\repository\org\eclipse\jgit\org.eclipse.jgit\5.4.2.201908231537-r\org.eclipse.jgit-5.4.2.201908231537-r.jar;C:\Users\Admin\.m2\repository\com\jcraft\jsch\0.1.55\jsch-0.1.55.jar;C:\Users\Admin\.m2\repository\com\jcraft\jzlib\1.1.1\jzlib-1.1.1.jar;C:\Users\Admin\.m2\repository\com\googlecode\javaewah\JavaEWAH\1.1.6\JavaEWAH-1.1.6.jar;C:\Users\Admin\.m2\repository\org\bouncycastle\bcpg-jdk15on\1.61\bcpg-jdk15on-1.61.jar;C:\Users\Admin\.m2\repository\org\bouncycastle\bcprov-jdk15on\1.61\bcprov-jdk15on-1.61.jar;C:\Users\Admin\.m2\repository\org\bouncycastle\bcpkix-jdk15on\1.61\bcpkix-jdk15on-1.61.jar;C:\Users\Admin\.m2\repository\org\apache\logging\log4j\log4j-core\2.20.0\log4j-core-2.20.0.jar;"/>
    <property name="java.vm.vendor" value="Oracle Corporation"/>
    <property name="sun.arch.data.model" value="64"/>
    <property name="user.variant" value=""/>
    <property name="java.vendor.url" value="https://openjdk.java.net/"/>
    <property name="user.timezone" value="Asia/Calcutta"/>
    <property name="java.vm.specification.version" value="11"/>
    <property name="os.name" value="Windows 10"/>
    <property name="sun.java.launcher" value="SUN_STANDARD"/>
    <property name="user.country" value="IN"/>
    <property name="sun.boot.library.path" value="C:\Program Files\Java\jdk-11.0.17\bin"/>
    <property name="sun.java.command" value="C:\Users\Admin\AppData\Local\Temp\surefire14809365211647837213\surefirebooter-20230806182114720_3.jar C:\Users\Admin\AppData\Local\Temp\surefire14809365211647837213 2023-08-06T18-21-12_995-jvmRun1 surefire-20230806182114720_1tmp surefire_0-20230806182114720_2tmp"/>
    <property name="jdk.debug" value="release"/>
    <property name="surefire.test.class.path" value="C:\Users\Admin\eclipse-workspace\seleniumframeworkdesign\target\test-classes;C:\Users\Admin\eclipse-workspace\seleniumframeworkdesign\target\classes;C:\Users\Admin\.m2\repository\io\github\bonigarcia\webdrivermanager\5.2.1\webdrivermanager-5.2.1.jar;C:\Users\Admin\.m2\repository\org\slf4j\slf4j-api\1.7.36\slf4j-api-1.7.36.jar;C:\Users\Admin\.m2\repository\com\google\code\gson\gson\2.9.0\gson-2.9.0.jar;C:\Users\Admin\.m2\repository\com\github\docker-java\docker-java\3.2.13\docker-java-3.2.13.jar;C:\Users\Admin\.m2\repository\com\github\docker-java\docker-java-core\3.2.13\docker-java-core-3.2.13.jar;C:\Users\Admin\.m2\repository\com\github\docker-java\docker-java-api\3.2.13\docker-java-api-3.2.13.jar;C:\Users\Admin\.m2\repository\org\slf4j\jcl-over-slf4j\1.7.30\jcl-over-slf4j-1.7.30.jar;C:\Users\Admin\.m2\repository\com\github\docker-java\docker-java-transport-httpclient5\3.2.13\docker-java-transport-httpclient5-3.2.13.jar;C:\Users\Admin\.m2\repository\com\github\docker-java\docker-java-transport\3.2.13\docker-java-transport-3.2.13.jar;C:\Users\Admin\.m2\repository\net\java\dev\jna\jna\5.8.0\jna-5.8.0.jar;C:\Users\Admin\.m2\repository\org\brotli\dec\0.1.2\dec-0.1.2.jar;C:\Users\Admin\.m2\repository\org\apache\commons\commons-lang3\3.12.0\commons-lang3-3.12.0.jar;C:\Users\Admin\.m2\repository\org\apache\httpcomponents\client5\httpclient5\5.1.3\httpclient5-5.1.3.jar;C:\Users\Admin\.m2\repository\org\apache\httpcomponents\core5\httpcore5\5.1.3\httpcore5-5.1.3.jar;C:\Users\Admin\.m2\repository\org\apache\httpcomponents\core5\httpcore5-h2\5.1.3\httpcore5-h2-5.1.3.jar;C:\Users\Admin\.m2\repository\com\mysql\mysql-connector-j\8.0.32\mysql-connector-j-8.0.32.jar;C:\Users\Admin\.m2\repository\com\google\protobuf\protobuf-java\3.21.9\protobuf-java-3.21.9.jar;C:\Users\Admin\.m2\repository\org\seleniumhq\selenium\selenium-java\4.7.2\selenium-java-4.7.2.jar;C:\Users\Admin\.m2\repository\org\seleniumhq\selenium\selenium-api\4.7.2\selenium-api-4.7.2.jar;C:\Users\Admin\.m2\repository\org\seleniumhq\selenium\selenium-chrome-driver\4.7.2\selenium-chrome-driver-4.7.2.jar;C:\Users\Admin\.m2\repository\com\google\auto\service\auto-service-annotations\1.0.1\auto-service-annotations-1.0.1.jar;C:\Users\Admin\.m2\repository\com\google\auto\service\auto-service\1.0.1\auto-service-1.0.1.jar;C:\Users\Admin\.m2\repository\com\google\auto\auto-common\1.2\auto-common-1.2.jar;C:\Users\Admin\.m2\repository\com\google\guava\guava\31.1-jre\guava-31.1-jre.jar;C:\Users\Admin\.m2\repository\com\google\guava\failureaccess\1.0.1\failureaccess-1.0.1.jar;C:\Users\Admin\.m2\repository\com\google\guava\listenablefuture\9999.0-empty-to-avoid-conflict-with-guava\listenablefuture-9999.0-empty-to-avoid-conflict-with-guava.jar;C:\Users\Admin\.m2\repository\com\google\code\findbugs\jsr305\3.0.2\jsr305-3.0.2.jar;C:\Users\Admin\.m2\repository\org\checkerframework\checker-qual\3.12.0\checker-qual-3.12.0.jar;C:\Users\Admin\.m2\repository\com\google\errorprone\error_prone_annotations\2.11.0\error_prone_annotations-2.11.0.jar;C:\Users\Admin\.m2\repository\com\google\j2objc\j2objc-annotations\1.3\j2objc-annotations-1.3.jar;C:\Users\Admin\.m2\repository\org\seleniumhq\selenium\selenium-chromium-driver\4.7.2\selenium-chromium-driver-4.7.2.jar;C:\Users\Admin\.m2\repository\org\seleniumhq\selenium\selenium-json\4.7.2\selenium-json-4.7.2.jar;C:\Users\Admin\.m2\repository\org\seleniumhq\selenium\selenium-devtools-v106\4.7.2\selenium-devtools-v106-4.7.2.jar;C:\Users\Admin\.m2\repository\org\seleniumhq\selenium\selenium-devtools-v107\4.7.2\selenium-devtools-v107-4.7.2.jar;C:\Users\Admin\.m2\repository\org\seleniumhq\selenium\selenium-devtools-v108\4.7.2\selenium-devtools-v108-4.7.2.jar;C:\Users\Admin\.m2\repository\org\seleniumhq\selenium\selenium-devtools-v85\4.7.2\selenium-devtools-v85-4.7.2.jar;C:\Users\Admin\.m2\repository\org\seleniumhq\selenium\selenium-edge-driver\4.7.2\selenium-edge-driver-4.7.2.jar;C:\Users\Admin\.m2\repository\org\seleniumhq\selenium\selenium-firefox-driver\4.7.2\selenium-firefox-driver-4.7.2.jar;C:\Users\Admin\.m2\repository\org\seleniumhq\selenium\selenium-http\4.7.2\selenium-http-4.7.2.jar;C:\Users\Admin\.m2\repository\dev\failsafe\failsafe\3.3.0\failsafe-3.3.0.jar;C:\Users\Admin\.m2\repository\org\seleniumhq\selenium\selenium-ie-driver\4.7.2\selenium-ie-driver-4.7.2.jar;C:\Users\Admin\.m2\repository\org\seleniumhq\selenium\selenium-remote-driver\4.7.2\selenium-remote-driver-4.7.2.jar;C:\Users\Admin\.m2\repository\io\netty\netty-buffer\4.1.84.Final\netty-buffer-4.1.84.Final.jar;C:\Users\Admin\.m2\repository\io\netty\netty-codec-http\4.1.84.Final\netty-codec-http-4.1.84.Final.jar;C:\Users\Admin\.m2\repository\io\netty\netty-codec\4.1.84.Final\netty-codec-4.1.84.Final.jar;C:\Users\Admin\.m2\repository\io\netty\netty-handler\4.1.84.Final\netty-handler-4.1.84.Final.jar;C:\Users\Admin\.m2\repository\io\netty\netty-common\4.1.84.Final\netty-common-4.1.84.Final.jar;C:\Users\Admin\.m2\repository\io\netty\netty-transport-classes-epoll\4.1.84.Final\netty-transport-classes-epoll-4.1.84.Final.jar;C:\Users\Admin\.m2\repository\io\netty\netty-transport-classes-kqueue\4.1.84.Final\netty-transport-classes-kqueue-4.1.84.Final.jar;C:\Users\Admin\.m2\repository\io\netty\netty-transport-native-epoll\4.1.84.Final\netty-transport-native-epoll-4.1.84.Final.jar;C:\Users\Admin\.m2\repository\io\netty\netty-transport-native-kqueue\4.1.84.Final\netty-transport-native-kqueue-4.1.84.Final.jar;C:\Users\Admin\.m2\repository\io\netty\netty-transport-native-unix-common\4.1.84.Final\netty-transport-native-unix-common-4.1.84.Final.jar;C:\Users\Admin\.m2\repository\io\netty\netty-transport\4.1.84.Final\netty-transport-4.1.84.Final.jar;C:\Users\Admin\.m2\repository\io\netty\netty-resolver\4.1.84.Final\netty-resolver-4.1.84.Final.jar;C:\Users\Admin\.m2\repository\io\opentelemetry\opentelemetry-api\1.19.0\opentelemetry-api-1.19.0.jar;C:\Users\Admin\.m2\repository\io\opentelemetry\opentelemetry-context\1.19.0\opentelemetry-context-1.19.0.jar;C:\Users\Admin\.m2\repository\io\opentelemetry\opentelemetry-exporter-logging\1.19.0\opentelemetry-exporter-logging-1.19.0.jar;C:\Users\Admin\.m2\repository\io\opentelemetry\opentelemetry-sdk-metrics\1.19.0\opentelemetry-sdk-metrics-1.19.0.jar;C:\Users\Admin\.m2\repository\io\opentelemetry\opentelemetry-sdk-logs\1.19.0-alpha\opentelemetry-sdk-logs-1.19.0-alpha.jar;C:\Users\Admin\.m2\repository\io\opentelemetry\opentelemetry-api-logs\1.19.0-alpha\opentelemetry-api-logs-1.19.0-alpha.jar;C:\Users\Admin\.m2\repository\io\opentelemetry\opentelemetry-sdk-common\1.19.0\opentelemetry-sdk-common-1.19.0.jar;C:\Users\Admin\.m2\repository\io\opentelemetry\opentelemetry-sdk-extension-autoconfigure-spi\1.19.0\opentelemetry-sdk-extension-autoconfigure-spi-1.19.0.jar;C:\Users\Admin\.m2\repository\io\opentelemetry\opentelemetry-sdk-extension-autoconfigure\1.19.0-alpha\opentelemetry-sdk-extension-autoconfigure-1.19.0-alpha.jar;C:\Users\Admin\.m2\repository\io\opentelemetry\opentelemetry-exporter-common\1.19.0\opentelemetry-exporter-common-1.19.0.jar;C:\Users\Admin\.m2\repository\io\opentelemetry\opentelemetry-sdk-trace\1.19.0\opentelemetry-sdk-trace-1.19.0.jar;C:\Users\Admin\.m2\repository\io\opentelemetry\opentelemetry-sdk\1.19.0\opentelemetry-sdk-1.19.0.jar;C:\Users\Admin\.m2\repository\io\opentelemetry\opentelemetry-semconv\1.19.0-alpha\opentelemetry-semconv-1.19.0-alpha.jar;C:\Users\Admin\.m2\repository\io\ous\jtoml\2.0.0\jtoml-2.0.0.jar;C:\Users\Admin\.m2\repository\net\bytebuddy\byte-buddy\1.12.18\byte-buddy-1.12.18.jar;C:\Users\Admin\.m2\repository\org\apache\commons\commons-exec\1.3\commons-exec-1.3.jar;C:\Users\Admin\.m2\repository\org\asynchttpclient\async-http-client\2.12.3\async-http-client-2.12.3.jar;C:\Users\Admin\.m2\repository\org\asynchttpclient\async-http-client-netty-utils\2.12.3\async-http-client-netty-utils-2.12.3.jar;C:\Users\Admin\.m2\repository\io\netty\netty-codec-socks\4.1.60.Final\netty-codec-socks-4.1.60.Final.jar;C:\Users\Admin\.m2\repository\io\netty\netty-handler-proxy\4.1.60.Final\netty-handler-proxy-4.1.60.Final.jar;C:\Users\Admin\.m2\repository\io\netty\netty-transport-native-epoll\4.1.60.Final\netty-transport-native-epoll-4.1.60.Final-linux-x86_64.jar;C:\Users\Admin\.m2\repository\io\netty\netty-transport-native-kqueue\4.1.60.Final\netty-transport-native-kqueue-4.1.60.Final-osx-x86_64.jar;C:\Users\Admin\.m2\repository\com\typesafe\netty\netty-reactive-streams\2.0.4\netty-reactive-streams-2.0.4.jar;C:\Users\Admin\.m2\repository\com\sun\activation\jakarta.activation\1.2.2\jakarta.activation-1.2.2.jar;C:\Users\Admin\.m2\repository\org\seleniumhq\selenium\selenium-manager\4.7.2\selenium-manager-4.7.2.jar;C:\Users\Admin\.m2\repository\org\seleniumhq\selenium\selenium-safari-driver\4.7.2\selenium-safari-driver-4.7.2.jar;C:\Users\Admin\.m2\repository\org\seleniumhq\selenium\selenium-support\4.7.2\selenium-support-4.7.2.jar;C:\Users\Admin\.m2\repository\org\testng\testng\7.7.0\testng-7.7.0.jar;C:\Users\Admin\.m2\repository\com\beust\jcommander\1.82\jcommander-1.82.jar;C:\Users\Admin\.m2\repository\org\webjars\jquery\3.6.1\jquery-3.6.1.jar;C:\Users\Admin\.m2\repository\io\cucumber\cucumber-java\7.11.0\cucumber-java-7.11.0.jar;C:\Users\Admin\.m2\repository\io\cucumber\cucumber-core\7.11.0\cucumber-core-7.11.0.jar;C:\Users\Admin\.m2\repository\io\cucumber\cucumber-gherkin\7.11.0\cucumber-gherkin-7.11.0.jar;C:\Users\Admin\.m2\repository\io\cucumber\cucumber-gherkin-messages\7.11.0\cucumber-gherkin-messages-7.11.0.jar;C:\Users\Admin\.m2\repository\io\cucumber\gherkin\26.0.3\gherkin-26.0.3.jar;C:\Users\Admin\.m2\repository\io\cucumber\messages\21.0.1\messages-21.0.1.jar;C:\Users\Admin\.m2\repository\io\cucumber\tag-expressions\5.0.1\tag-expressions-5.0.1.jar;C:\Users\Admin\.m2\repository\io\cucumber\cucumber-expressions\16.1.1\cucumber-expressions-16.1.1.jar;C:\Users\Admin\.m2\repository\io\cucumber\datatable\7.11.0\datatable-7.11.0.jar;C:\Users\Admin\.m2\repository\io\cucumber\cucumber-plugin\7.11.0\cucumber-plugin-7.11.0.jar;C:\Users\Admin\.m2\repository\io\cucumber\docstring\7.11.0\docstring-7.11.0.jar;C:\Users\Admin\.m2\repository\io\cucumber\html-formatter\20.2.1\html-formatter-20.2.1.jar;C:\Users\Admin\.m2\repository\io\cucumber\junit-xml-formatter\0.1.0\junit-xml-formatter-0.1.0.jar;C:\Users\Admin\.m2\repository\io\cucumber\ci-environment\9.1.0\ci-environment-9.1.0.jar;C:\Users\Admin\.m2\repository\org\apiguardian\apiguardian-api\1.1.2\apiguardian-api-1.1.2.jar;C:\Users\Admin\.m2\repository\io\cucumber\cucumber-testng\7.11.0\cucumber-testng-7.11.0.jar;C:\Users\Admin\.m2\repository\org\apache\poi\poi-ooxml\5.2.3\poi-ooxml-5.2.3.jar;C:\Users\Admin\.m2\repository\org\apache\poi\poi-ooxml-lite\5.2.3\poi-ooxml-lite-5.2.3.jar;C:\Users\Admin\.m2\repository\org\apache\xmlbeans\xmlbeans\5.1.1\xmlbeans-5.1.1.jar;C:\Users\Admin\.m2\repository\org\apache\commons\commons-compress\1.21\commons-compress-1.21.jar;C:\Users\Admin\.m2\repository\commons-io\commons-io\2.11.0\commons-io-2.11.0.jar;C:\Users\Admin\.m2\repository\com\github\virtuald\curvesapi\1.07\curvesapi-1.07.jar;C:\Users\Admin\.m2\repository\org\apache\logging\log4j\log4j-api\2.18.0\log4j-api-2.18.0.jar;C:\Users\Admin\.m2\repository\org\apache\commons\commons-collections4\4.4\commons-collections4-4.4.jar;C:\Users\Admin\.m2\repository\org\apache\poi\poi\5.2.3\poi-5.2.3.jar;C:\Users\Admin\.m2\repository\commons-codec\commons-codec\1.15\commons-codec-1.15.jar;C:\Users\Admin\.m2\repository\org\apache\commons\commons-math3\3.6.1\commons-math3-3.6.1.jar;C:\Users\Admin\.m2\repository\com\zaxxer\SparseBitSet\1.2\SparseBitSet-1.2.jar;C:\Users\Admin\.m2\repository\com\aventstack\extentreports\5.0.9\extentreports-5.0.9.jar;C:\Users\Admin\.m2\repository\io\reactivex\rxjava3\rxjava\3.0.4\rxjava-3.0.4.jar;C:\Users\Admin\.m2\repository\org\reactivestreams\reactive-streams\1.0.3\reactive-streams-1.0.3.jar;C:\Users\Admin\.m2\repository\org\freemarker\freemarker\2.3.30\freemarker-2.3.30.jar;C:\Users\Admin\.m2\repository\org\projectlombok\lombok\1.18.12\lombok-1.18.12.jar;C:\Users\Admin\.m2\repository\com\fasterxml\jackson\core\jackson-databind\2.14.1\jackson-databind-2.14.1.jar;C:\Users\Admin\.m2\repository\com\fasterxml\jackson\core\jackson-annotations\2.14.1\jackson-annotations-2.14.1.jar;C:\Users\Admin\.m2\repository\com\fasterxml\jackson\core\jackson-core\2.14.1\jackson-core-2.14.1.jar;C:\Users\Admin\.m2\repository\com\browserstack\browserstack-java-sdk\1.9.2\browserstack-java-sdk-1.9.2.jar;C:\Users\Admin\.m2\repository\org\javassist\javassist\3.26.0-GA\javassist-3.26.0-GA.jar;C:\Users\Admin\.m2\repository\com\browserstack\browserstack-local-java\1.0.9\browserstack-local-java-1.0.9.jar;C:\Users\Admin\.m2\repository\org\json\json\20230227\json-20230227.jar;C:\Users\Admin\.m2\repository\com\googlecode\json-simple\json-simple\1.1.1\json-simple-1.1.1.jar;C:\Users\Admin\.m2\repository\junit\junit\4.10\junit-4.10.jar;C:\Users\Admin\.m2\repository\org\hamcrest\hamcrest-core\1.1\hamcrest-core-1.1.jar;C:\Users\Admin\.m2\repository\org\yaml\snakeyaml\2.0\snakeyaml-2.0.jar;C:\Users\Admin\.m2\repository\org\apache\maven\maven-artifact\3.8.6\maven-artifact-3.8.6.jar;C:\Users\Admin\.m2\repository\org\codehaus\plexus\plexus-utils\3.3.1\plexus-utils-3.3.1.jar;C:\Users\Admin\.m2\repository\com\squareup\okhttp3\okhttp\3.14.9\okhttp-3.14.9.jar;C:\Users\Admin\.m2\repository\com\squareup\okio\okio\1.17.2\okio-1.17.2.jar;C:\Users\Admin\.m2\repository\org\jsoup\jsoup\1.15.3\jsoup-1.15.3.jar;C:\Users\Admin\.m2\repository\org\eclipse\jgit\org.eclipse.jgit\5.4.2.201908231537-r\org.eclipse.jgit-5.4.2.201908231537-r.jar;C:\Users\Admin\.m2\repository\com\jcraft\jsch\0.1.55\jsch-0.1.55.jar;C:\Users\Admin\.m2\repository\com\jcraft\jzlib\1.1.1\jzlib-1.1.1.jar;C:\Users\Admin\.m2\repository\com\googlecode\javaewah\JavaEWAH\1.1.6\JavaEWAH-1.1.6.jar;C:\Users\Admin\.m2\repository\org\bouncycastle\bcpg-jdk15on\1.61\bcpg-jdk15on-1.61.jar;C:\Users\Admin\.m2\repository\org\bouncycastle\bcprov-jdk15on\1.61\bcprov-jdk15on-1.61.jar;C:\Users\Admin\.m2\repository\org\bouncycastle\bcpkix-jdk15on\1.61\bcpkix-jdk15on-1.61.jar;C:\Users\Admin\.m2\repository\org\apache\logging\log4j\log4j-core\2.20.0\log4j-core-2.20.0.jar;"/>
    <property name="sun.cpu.endian" value="little"/>
    <property name="user.home" value="C:\Users\Admin"/>
    <property name="user.language" value="en"/>
    <property name="java.specification.vendor" value="Oracle Corporation"/>
    <property name="java.version.date" value="2022-10-18"/>
    <property name="java.home" value="C:\Program Files\Java\jdk-11.0.17"/>
    <property name="file.separator" value="\"/>
    <property name="basedir" value="C:\Users\Admin\eclipse-workspace\seleniumframeworkdesign"/>
    <property name="java.vm.compressedOopsMode" value="32-bit"/>
    <property name="line.separator" value="&#10;"/>
    <property name="java.specification.name" value="Java Platform API Specification"/>
    <property name="java.vm.specification.vendor" value="Oracle Corporation"/>
    <property name="java.awt.graphicsenv" value="sun.awt.Win32GraphicsEnvironment"/>
    <property name="surefire.real.class.path" value="C:\Users\Admin\AppData\Local\Temp\surefire14809365211647837213\surefirebooter-20230806182114720_3.jar"/>
    <property name="user.script" value=""/>
    <property name="sun.management.compiler" value="HotSpot 64-Bit Tiered Compilers"/>
    <property name="java.runtime.version" value="11.0.17+10-LTS-269"/>
    <property name="user.name" value="Admin"/>
    <property name="path.separator" value=";"/>
    <property name="os.version" value="10.0"/>
    <property name="java.runtime.name" value="Java(TM) SE Runtime Environment"/>
    <property name="file.encoding" value="Cp1252"/>
    <property name="java.vm.name" value="Java HotSpot(TM) 64-Bit Server VM"/>
    <property name="java.vendor.version" value="18.9"/>
    <property name="localRepository" value="C:\Users\Admin\.m2\repository"/>
    <property name="java.vendor.url.bug" value="https://bugreport.java.com/bugreport/"/>
    <property name="java.io.tmpdir" value="C:\Users\Admin\AppData\Local\Temp\"/>
    <property name="java.version" value="11.0.17"/>
    <property name="user.dir" value="C:\Users\Admin\eclipse-workspace\seleniumframeworkdesign"/>
    <property name="os.arch" value="amd64"/>
    <property name="java.vm.specification.name" value="Java Virtual Machine Specification"/>
    <property name="java.awt.printerjob" value="sun.awt.windows.WPrinterJob"/>
    <property name="sun.os.patch.level" value=""/>
    <property name="java.library.path" value="C:\Program Files\Java\jdk-11.0.17\bin;C:\Windows\Sun\Java\bin;C:\Windows\system32;C:\Windows;C:/Program Files/Java/jdk-11.0.17/bin/server;C:/Program Files/Java/jdk-11.0.17/bin;C:\Program Files (x86)\Common Files\Oracle\Java\javapath;C:\Windows\system32;C:\Windows;C:\Windows\System32\Wbem;C:\Windows\System32\WindowsPowerShell\v1.0\;C:\Windows\System32\OpenSSH\;C:\Windows\IsmFiles;C:\Program Files\Java\jdk-11.0.17\bin;C:\Program Files\Maven\apache-maven-3.8.7-bin\apache-maven-3.8.7\bin;C:\Program Files\Git\cmd;C:\Program Files\MySQL\MySQL Shell 8.0\bin\;C:\Users\Admin\AppData\Local\Microsoft\WindowsApps;;C:\Users\Admin\Downloads\eclipse-jee-photon-R-win32-x86_64\eclipse;;."/>
    <property name="java.vendor" value="Oracle Corporation"/>
    <property name="java.vm.info" value="mixed mode"/>
    <property name="java.vm.version" value="11.0.17+10-LTS-269"/>
    <property name="sun.io.unicode.encoding" value="UnicodeLittle"/>
    <property name="java.class.version" value="55.0"/>
  </properties>
  <testcase name="incorrectCredentials[asx123@gmail.com, asx@123](1)" classname="rahulshettyacademy.seleniumframeworkdesign.ErrorValidationTest" time="1.876">
    <system-out><![CDATA[[&amp#27;[1;31mERROR&amp#27;[0;39m] Error HTTP 404 executing https://chromedriver.storage.googleapis.com/LATEST_RELEASE_115
[&amp#27;[1;33mWARN&amp#27;[0;39m] Exception reading https://chromedriver.storage.googleapis.com/LATEST_RELEASE_115 to get latest version of chromedriver (Error HTTP 404 executing https://chromedriver.storage.googleapis.com/LATEST_RELEASE_115)
[&amp#27;[1;34mINFO&amp#27;[0;39m] Exporting webdriver.chrome.driver as C:\Users\Admin\.cache\selenium\chromedriver\win32\114.0.5735.90\chromedriver.exe
]]></system-out>
    <system-err><![CDATA[Starting ChromeDriver 114.0.5735.90 (386bc09e8f4f2e025eddae123f36f6263096ae49-refs/branch-heads/5735@{#1052}) on port 21255
Only local connections are allowed.
Please see https://chromedriver.chromium.org/security-considerations for suggestions on keeping ChromeDriver safe.
ChromeDriver was started successfully.
[1691326293.839][WARNING]: This version of ChromeDriver has not been tested with Chrome version 115.
Aug 06, 2023 6:21:34 PM org.openqa.selenium.devtools.CdpVersionFinder findNearestMatch
WARNING: Unable to find CDP implementation matching 115
Aug 06, 2023 6:21:34 PM org.openqa.selenium.chromium.ChromiumDriver lambda$new$3
WARNING: Unable to find version of CDP to use for . You may need to include a dependency on a specific version of the CDP using something similar to `org.seleniumhq.selenium:selenium-devtools-v86:4.7.2` where the version ("v86") matches the version of the chromium-based browser you're using and the version number of the artifact is the same as Selenium's.
]]></system-err>
  </testcase>
  <testcase name="cartValidation[qazplm@gmail.com, Qazplm@890, ZARA COAT 3](1)" classname="rahulshettyacademy.seleniumframeworkdesign.SubmitOrderTest" time="14.123">
    <system-out><![CDATA[[&amp#27;[1;31mERROR&amp#27;[0;39m] Error HTTP 404 executing https://chromedriver.storage.googleapis.com/LATEST_RELEASE_115
[&amp#27;[1;33mWARN&amp#27;[0;39m] Exception reading https://chromedriver.storage.googleapis.com/LATEST_RELEASE_115 to get latest version of chromedriver (Error HTTP 404 executing https://chromedriver.storage.googleapis.com/LATEST_RELEASE_115)
[&amp#27;[1;34mINFO&amp#27;[0;39m] Exporting webdriver.chrome.driver as C:\Users\Admin\.cache\selenium\chromedriver\win32\114.0.5735.90\chromedriver.exe
]]></system-out>
    <system-err><![CDATA[Starting ChromeDriver 114.0.5735.90 (386bc09e8f4f2e025eddae123f36f6263096ae49-refs/branch-heads/5735@{#1052}) on port 13233
Only local connections are allowed.
Please see https://chromedriver.chromium.org/security-considerations for suggestions on keeping ChromeDriver safe.
ChromeDriver was started successfully.
[1691326306.398][WARNING]: This version of ChromeDriver has not been tested with Chrome version 115.
Aug 06, 2023 6:21:47 PM org.openqa.selenium.devtools.CdpVersionFinder findNearestMatch
WARNING: Unable to find CDP implementation matching 115
Aug 06, 2023 6:21:47 PM org.openqa.selenium.chromium.ChromiumDriver lambda$new$3
WARNING: Unable to find version of CDP to use for . You may need to include a dependency on a specific version of the CDP using something similar to `org.seleniumhq.selenium:selenium-devtools-v86:4.7.2` where the version ("v86") matches the version of the chromium-based browser you're using and the version number of the artifact is the same as Selenium's.
]]></system-err>
  </testcase>
  <testcase name="cartValidation[abcxyz92@gmail.com, Abcxyz@123, ADIDAS ORIGINAL](2)" classname="rahulshettyacademy.seleniumframeworkdesign.SubmitOrderTest" time="13.859">
    <system-out><![CDATA[[&amp#27;[1;31mERROR&amp#27;[0;39m] Error HTTP 404 executing https://chromedriver.storage.googleapis.com/LATEST_RELEASE_115
[&amp#27;[1;33mWARN&amp#27;[0;39m] Exception reading https://chromedriver.storage.googleapis.com/LATEST_RELEASE_115 to get latest version of chromedriver (Error HTTP 404 executing https://chromedriver.storage.googleapis.com/LATEST_RELEASE_115)
[&amp#27;[1;34mINFO&amp#27;[0;39m] Exporting webdriver.chrome.driver as C:\Users\Admin\.cache\selenium\chromedriver\win32\114.0.5735.90\chromedriver.exe
]]></system-out>
    <system-err><![CDATA[Starting ChromeDriver 114.0.5735.90 (386bc09e8f4f2e025eddae123f36f6263096ae49-refs/branch-heads/5735@{#1052}) on port 18161
Only local connections are allowed.
Please see https://chromedriver.chromium.org/security-considerations for suggestions on keeping ChromeDriver safe.
ChromeDriver was started successfully.
[1691326328.983][WARNING]: This version of ChromeDriver has not been tested with Chrome version 115.
Aug 06, 2023 6:22:09 PM org.openqa.selenium.devtools.CdpVersionFinder findNearestMatch
WARNING: Unable to find CDP implementation matching 115
Aug 06, 2023 6:22:09 PM org.openqa.selenium.chromium.ChromiumDriver lambda$new$3
WARNING: Unable to find version of CDP to use for . You may need to include a dependency on a specific version of the CDP using something similar to `org.seleniumhq.selenium:selenium-devtools-v86:4.7.2` where the version ("v86") matches the version of the chromium-based browser you're using and the version number of the artifact is the same as Selenium's.
]]></system-err>
  </testcase>
  <testcase name="submitorder[qazplm@gmail.com, Qazplm@890, ZARA COAT 3](1)" classname="rahulshettyacademy.seleniumframeworkdesign.SubmitOrderTest" time="19.175">
    <system-out><![CDATA[[&amp#27;[1;31mERROR&amp#27;[0;39m] Error HTTP 404 executing https://chromedriver.storage.googleapis.com/LATEST_RELEASE_115
[&amp#27;[1;33mWARN&amp#27;[0;39m] Exception reading https://chromedriver.storage.googleapis.com/LATEST_RELEASE_115 to get latest version of chromedriver (Error HTTP 404 executing https://chromedriver.storage.googleapis.com/LATEST_RELEASE_115)
[&amp#27;[1;34mINFO&amp#27;[0;39m] Exporting webdriver.chrome.driver as C:\Users\Admin\.cache\selenium\chromedriver\win32\114.0.5735.90\chromedriver.exe
| 64cf97a67244490f959854af |
]]></system-out>
    <system-err><![CDATA[Starting ChromeDriver 114.0.5735.90 (386bc09e8f4f2e025eddae123f36f6263096ae49-refs/branch-heads/5735@{#1052}) on port 30205
Only local connections are allowed.
Please see https://chromedriver.chromium.org/security-considerations for suggestions on keeping ChromeDriver safe.
ChromeDriver was started successfully.
[1691326351.870][WARNING]: This version of ChromeDriver has not been tested with Chrome version 115.
Aug 06, 2023 6:22:32 PM org.openqa.selenium.devtools.CdpVersionFinder findNearestMatch
WARNING: Unable to find CDP implementation matching 115
Aug 06, 2023 6:22:32 PM org.openqa.selenium.chromium.ChromiumDriver lambda$new$3
WARNING: Unable to find version of CDP to use for . You may need to include a dependency on a specific version of the CDP using something similar to `org.seleniumhq.selenium:selenium-devtools-v86:4.7.2` where the version ("v86") matches the version of the chromium-based browser you're using and the version number of the artifact is the same as Selenium's.
]]></system-err>
  </testcase>
  <testcase name="submitorder[abcxyz92@gmail.com, Abcxyz@123, ADIDAS ORIGINAL](2)" classname="rahulshettyacademy.seleniumframeworkdesign.SubmitOrderTest" time="18.958">
    <system-out><![CDATA[[&amp#27;[1;31mERROR&amp#27;[0;39m] Error HTTP 404 executing https://chromedriver.storage.googleapis.com/LATEST_RELEASE_115
[&amp#27;[1;33mWARN&amp#27;[0;39m] Exception reading https://chromedriver.storage.googleapis.com/LATEST_RELEASE_115 to get latest version of chromedriver (Error HTTP 404 executing https://chromedriver.storage.googleapis.com/LATEST_RELEASE_115)
[&amp#27;[1;34mINFO&amp#27;[0;39m] Exporting webdriver.chrome.driver as C:\Users\Admin\.cache\selenium\chromedriver\win32\114.0.5735.90\chromedriver.exe
| 64cf97c17244490f959854cf |
]]></system-out>
    <system-err><![CDATA[Starting ChromeDriver 114.0.5735.90 (386bc09e8f4f2e025eddae123f36f6263096ae49-refs/branch-heads/5735@{#1052}) on port 48384
Only local connections are allowed.
Please see https://chromedriver.chromium.org/security-considerations for suggestions on keeping ChromeDriver safe.
ChromeDriver was started successfully.
[1691326377.645][WARNING]: This version of ChromeDriver has not been tested with Chrome version 115.
Aug 06, 2023 6:22:58 PM org.openqa.selenium.devtools.CdpVersionFinder findNearestMatch
WARNING: Unable to find CDP implementation matching 115
Aug 06, 2023 6:22:58 PM org.openqa.selenium.chromium.ChromiumDriver lambda$new$3
WARNING: Unable to find version of CDP to use for . You may need to include a dependency on a specific version of the CDP using something similar to `org.seleniumhq.selenium:selenium-devtools-v86:4.7.2` where the version ("v86") matches the version of the chromium-based browser you're using and the version number of the artifact is the same as Selenium's.
]]></system-err>
  </testcase>
</testsuite>