<?xml version="1.0" encoding="UTF-8"?>
<testsuite xmlns:xsi="http://www.w3.org/2001/XMLSchema-instance" xsi:noNamespaceSchemaLocation="https://maven.apache.org/surefire/maven-surefire-plugin/xsd/surefire-test-report-3.0.xsd" version="3.0" name="TestSuite" time="372.434" tests="5" errors="0" skipped="0" failures="0">
  <properties>
    <property name="sun.desktop" value="windows"/>
    <property name="awt.toolkit" value="sun.awt.windows.WToolkit"/>
    <property name="java.specification.version" value="11"/>
    <property name="webdriver.chrome.driver" value="C:\Users\Admin\.cache\selenium\chromedriver\win32\114.0.5735.90\chromedriver.exe"/>
    <property name="sun.cpu.isalist" value="amd64"/>
    <property name="sun.jnu.encoding" value="Cp1252"/>
    <property name="java.class.path" value="C:\Users\Admin\eclipse-workspace\FlightBooking2\target\test-classes;C:\Users\Admin\eclipse-workspace\FlightBooking2\target\classes;C:\Users\Admin\.m2\repository\io\cucumber\cucumber-java\7.2.3\cucumber-java-7.2.3.jar;C:\Users\Admin\.m2\repository\io\cucumber\cucumber-core\7.2.3\cucumber-core-7.2.3.jar;C:\Users\Admin\.m2\repository\io\cucumber\cucumber-gherkin\7.2.3\cucumber-gherkin-7.2.3.jar;C:\Users\Admin\.m2\repository\io\cucumber\cucumber-gherkin-messages\7.2.3\cucumber-gherkin-messages-7.2.3.jar;C:\Users\Admin\.m2\repository\io\cucumber\messages\17.1.1\messages-17.1.1.jar;C:\Users\Admin\.m2\repository\io\cucumber\tag-expressions\4.1.0\tag-expressions-4.1.0.jar;C:\Users\Admin\.m2\repository\io\cucumber\cucumber-expressions\15.0.1\cucumber-expressions-15.0.1.jar;C:\Users\Admin\.m2\repository\io\cucumber\datatable\7.2.3\datatable-7.2.3.jar;C:\Users\Admin\.m2\repository\io\cucumber\cucumber-plugin\7.2.3\cucumber-plugin-7.2.3.jar;C:\Users\Admin\.m2\repository\io\cucumber\docstring\7.2.3\docstring-7.2.3.jar;C:\Users\Admin\.m2\repository\io\cucumber\html-formatter\17.0.0\html-formatter-17.0.0.jar;C:\Users\Admin\.m2\repository\io\cucumber\ci-environment\8.1.0\ci-environment-8.1.0.jar;C:\Users\Admin\.m2\repository\org\apiguardian\apiguardian-api\1.1.2\apiguardian-api-1.1.2.jar;C:\Users\Admin\.m2\repository\log4j\log4j\1.2.17\log4j-1.2.17.jar;C:\Users\Admin\.m2\repository\commons-io\commons-io\2.11.0\commons-io-2.11.0.jar;C:\Users\Admin\.m2\repository\com\codeborne\phantomjsdriver\1.5.0\phantomjsdriver-1.5.0.jar;C:\Users\Admin\.m2\repository\tech\grasshopper\extentreports-cucumber7-adapter\1.2.0\extentreports-cucumber7-adapter-1.2.0.jar;C:\Users\Admin\.m2\repository\tech\grasshopper\extent-pdf-report\1.7.4\extent-pdf-report-1.7.4.jar;C:\Users\Admin\.m2\repository\tech\grasshopper\cucumber-pdf-report\2.2.4\cucumber-pdf-report-2.2.4.jar;C:\Users\Admin\.m2\repository\org\apache\pdfbox\pdfbox\2.0.22\pdfbox-2.0.22.jar;C:\Users\Admin\.m2\repository\org\apache\pdfbox\fontbox\2.0.22\fontbox-2.0.22.jar;C:\Users\Admin\.m2\repository\org\knowm\xchart\xchart\3.8.0\xchart-3.8.0.jar;C:\Users\Admin\.m2\repository\de\erichseifert\vectorgraphics2d\VectorGraphics2D\0.13\VectorGraphics2D-0.13.jar;C:\Users\Admin\.m2\repository\de\rototor\pdfbox\graphics2d\0.30\graphics2d-0.30.jar;C:\Users\Admin\.m2\repository\com\madgag\animated-gif-lib\1.4\animated-gif-lib-1.4.jar;C:\Users\Admin\.m2\repository\org\yaml\snakeyaml\1.28\snakeyaml-1.28.jar;C:\Users\Admin\.m2\repository\tech\grasshopper\table-layout\1.2.0\table-layout-1.2.0.jar;C:\Users\Admin\.m2\repository\org\jsoup\jsoup\1.13.1\jsoup-1.13.1.jar;C:\Users\Admin\.m2\repository\com\aventstack\klov-reporter\5.0.9\klov-reporter-5.0.9.jar;C:\Users\Admin\.m2\repository\org\mongodb\mongodb-driver\3.6.4\mongodb-driver-3.6.4.jar;C:\Users\Admin\.m2\repository\org\mongodb\mongodb-driver-core\3.6.4\mongodb-driver-core-3.6.4.jar;C:\Users\Admin\.m2\repository\org\mongodb\bson\3.6.4\bson-3.6.4.jar;C:\Users\Admin\.m2\repository\org\apache\httpcomponents\httpclient\4.5.13\httpclient-4.5.13.jar;C:\Users\Admin\.m2\repository\org\apache\httpcomponents\httpcore\4.4.13\httpcore-4.4.13.jar;C:\Users\Admin\.m2\repository\commons-logging\commons-logging\1.2\commons-logging-1.2.jar;C:\Users\Admin\.m2\repository\commons-codec\commons-codec\1.11\commons-codec-1.11.jar;C:\Users\Admin\.m2\repository\org\apache\httpcomponents\httpmime\4.5.13\httpmime-4.5.13.jar;C:\Users\Admin\.m2\repository\tech\grasshopper\htmlextentreporter\1.0.0\htmlextentreporter-1.0.0.jar;C:\Users\Admin\.m2\repository\com\aventstack\extentreports\5.0.9\extentreports-5.0.9.jar;C:\Users\Admin\.m2\repository\io\reactivex\rxjava3\rxjava\3.0.4\rxjava-3.0.4.jar;C:\Users\Admin\.m2\repository\org\reactivestreams\reactive-streams\1.0.3\reactive-streams-1.0.3.jar;C:\Users\Admin\.m2\repository\org\freemarker\freemarker\2.3.30\freemarker-2.3.30.jar;C:\Users\Admin\.m2\repository\org\projectlombok\lombok\1.18.12\lombok-1.18.12.jar;C:\Users\Admin\.m2\repository\com\google\code\gson\gson\2.8.6\gson-2.8.6.jar;C:\Users\Admin\.m2\repository\io\cucumber\cucumber-picocontainer\7.2.3\cucumber-picocontainer-7.2.3.jar;C:\Users\Admin\.m2\repository\org\picocontainer\picocontainer\2.15\picocontainer-2.15.jar;C:\Users\Admin\.m2\repository\io\cucumber\cucumber-testng\7.2.3\cucumber-testng-7.2.3.jar;C:\Users\Admin\.m2\repository\org\testng\testng\7.4.0\testng-7.4.0.jar;C:\Users\Admin\.m2\repository\com\beust\jcommander\1.78\jcommander-1.78.jar;C:\Users\Admin\.m2\repository\org\webjars\jquery\3.5.1\jquery-3.5.1.jar;C:\Users\Admin\.m2\repository\org\seleniumhq\selenium\selenium-java\4.10.0\selenium-java-4.10.0.jar;C:\Users\Admin\.m2\repository\org\seleniumhq\selenium\selenium-api\4.10.0\selenium-api-4.10.0.jar;C:\Users\Admin\.m2\repository\org\seleniumhq\selenium\selenium-chrome-driver\4.10.0\selenium-chrome-driver-4.10.0.jar;C:\Users\Admin\.m2\repository\com\google\auto\service\auto-service-annotations\1.0.1\auto-service-annotations-1.0.1.jar;C:\Users\Admin\.m2\repository\com\google\auto\service\auto-service\1.0.1\auto-service-1.0.1.jar;C:\Users\Admin\.m2\repository\com\google\auto\auto-common\1.2\auto-common-1.2.jar;C:\Users\Admin\.m2\repository\com\google\guava\guava\31.1-jre\guava-31.1-jre.jar;C:\Users\Admin\.m2\repository\com\google\guava\failureaccess\1.0.1\failureaccess-1.0.1.jar;C:\Users\Admin\.m2\repository\com\google\guava\listenablefuture\9999.0-empty-to-avoid-conflict-with-guava\listenablefuture-9999.0-empty-to-avoid-conflict-with-guava.jar;C:\Users\Admin\.m2\repository\com\google\code\findbugs\jsr305\3.0.2\jsr305-3.0.2.jar;C:\Users\Admin\.m2\repository\org\checkerframework\checker-qual\3.12.0\checker-qual-3.12.0.jar;C:\Users\Admin\.m2\repository\com\google\errorprone\error_prone_annotations\2.11.0\error_prone_annotations-2.11.0.jar;C:\Users\Admin\.m2\repository\com\google\j2objc\j2objc-annotations\1.3\j2objc-annotations-1.3.jar;C:\Users\Admin\.m2\repository\org\seleniumhq\selenium\selenium-chromium-driver\4.10.0\selenium-chromium-driver-4.10.0.jar;C:\Users\Admin\.m2\repository\org\seleniumhq\selenium\selenium-json\4.10.0\selenium-json-4.10.0.jar;C:\Users\Admin\.m2\repository\org\seleniumhq\selenium\selenium-manager\4.10.0\selenium-manager-4.10.0.jar;C:\Users\Admin\.m2\repository\org\seleniumhq\selenium\selenium-devtools-v112\4.10.0\selenium-devtools-v112-4.10.0.jar;C:\Users\Admin\.m2\repository\org\seleniumhq\selenium\selenium-devtools-v113\4.10.0\selenium-devtools-v113-4.10.0.jar;C:\Users\Admin\.m2\repository\org\seleniumhq\selenium\selenium-devtools-v114\4.10.0\selenium-devtools-v114-4.10.0.jar;C:\Users\Admin\.m2\repository\org\seleniumhq\selenium\selenium-devtools-v85\4.10.0\selenium-devtools-v85-4.10.0.jar;C:\Users\Admin\.m2\repository\org\seleniumhq\selenium\selenium-edge-driver\4.10.0\selenium-edge-driver-4.10.0.jar;C:\Users\Admin\.m2\repository\org\seleniumhq\selenium\selenium-firefox-driver\4.10.0\selenium-firefox-driver-4.10.0.jar;C:\Users\Admin\.m2\repository\org\seleniumhq\selenium\selenium-http\4.10.0\selenium-http-4.10.0.jar;C:\Users\Admin\.m2\repository\dev\failsafe\failsafe\3.3.1\failsafe-3.3.1.jar;C:\Users\Admin\.m2\repository\org\seleniumhq\selenium\selenium-ie-driver\4.10.0\selenium-ie-driver-4.10.0.jar;C:\Users\Admin\.m2\repository\org\seleniumhq\selenium\selenium-remote-driver\4.10.0\selenium-remote-driver-4.10.0.jar;C:\Users\Admin\.m2\repository\io\netty\netty-buffer\4.1.92.Final\netty-buffer-4.1.92.Final.jar;C:\Users\Admin\.m2\repository\io\netty\netty-codec-http\4.1.92.Final\netty-codec-http-4.1.92.Final.jar;C:\Users\Admin\.m2\repository\io\netty\netty-codec\4.1.92.Final\netty-codec-4.1.92.Final.jar;C:\Users\Admin\.m2\repository\io\netty\netty-handler\4.1.92.Final\netty-handler-4.1.92.Final.jar;C:\Users\Admin\.m2\repository\io\netty\netty-common\4.1.92.Final\netty-common-4.1.92.Final.jar;C:\Users\Admin\.m2\repository\io\netty\netty-transport-classes-epoll\4.1.92.Final\netty-transport-classes-epoll-4.1.92.Final.jar;C:\Users\Admin\.m2\repository\io\netty\netty-transport-classes-kqueue\4.1.92.Final\netty-transport-classes-kqueue-4.1.92.Final.jar;C:\Users\Admin\.m2\repository\io\netty\netty-transport-native-epoll\4.1.92.Final\netty-transport-native-epoll-4.1.92.Final.jar;C:\Users\Admin\.m2\repository\io\netty\netty-transport-native-kqueue\4.1.92.Final\netty-transport-native-kqueue-4.1.92.Final.jar;C:\Users\Admin\.m2\repository\io\netty\netty-transport-native-unix-common\4.1.92.Final\netty-transport-native-unix-common-4.1.92.Final.jar;C:\Users\Admin\.m2\repository\io\netty\netty-transport\4.1.92.Final\netty-transport-4.1.92.Final.jar;C:\Users\Admin\.m2\repository\io\netty\netty-resolver\4.1.92.Final\netty-resolver-4.1.92.Final.jar;C:\Users\Admin\.m2\repository\io\opentelemetry\opentelemetry-api\1.26.0\opentelemetry-api-1.26.0.jar;C:\Users\Admin\.m2\repository\io\opentelemetry\opentelemetry-context\1.26.0\opentelemetry-context-1.26.0.jar;C:\Users\Admin\.m2\repository\io\opentelemetry\opentelemetry-exporter-logging\1.26.0\opentelemetry-exporter-logging-1.26.0.jar;C:\Users\Admin\.m2\repository\io\opentelemetry\opentelemetry-sdk-metrics\1.26.0\opentelemetry-sdk-metrics-1.26.0.jar;C:\Users\Admin\.m2\repository\io\opentelemetry\opentelemetry-extension-incubator\1.26.0-alpha\opentelemetry-extension-incubator-1.26.0-alpha.jar;C:\Users\Admin\.m2\repository\io\opentelemetry\opentelemetry-sdk-logs\1.26.0-alpha\opentelemetry-sdk-logs-1.26.0-alpha.jar;C:\Users\Admin\.m2\repository\io\opentelemetry\opentelemetry-api-logs\1.26.0-alpha\opentelemetry-api-logs-1.26.0-alpha.jar;C:\Users\Admin\.m2\repository\io\opentelemetry\opentelemetry-api-events\1.26.0-alpha\opentelemetry-api-events-1.26.0-alpha.jar;C:\Users\Admin\.m2\repository\io\opentelemetry\opentelemetry-sdk-common\1.26.0\opentelemetry-sdk-common-1.26.0.jar;C:\Users\Admin\.m2\repository\io\opentelemetry\opentelemetry-sdk-extension-autoconfigure-spi\1.26.0\opentelemetry-sdk-extension-autoconfigure-spi-1.26.0.jar;C:\Users\Admin\.m2\repository\io\opentelemetry\opentelemetry-sdk-extension-autoconfigure\1.26.0-alpha\opentelemetry-sdk-extension-autoconfigure-1.26.0-alpha.jar;C:\Users\Admin\.m2\repository\io\opentelemetry\opentelemetry-sdk-trace\1.26.0\opentelemetry-sdk-trace-1.26.0.jar;C:\Users\Admin\.m2\repository\io\opentelemetry\opentelemetry-sdk\1.26.0\opentelemetry-sdk-1.26.0.jar;C:\Users\Admin\.m2\repository\io\opentelemetry\opentelemetry-semconv\1.26.0-alpha\opentelemetry-semconv-1.26.0-alpha.jar;C:\Users\Admin\.m2\repository\net\bytebuddy\byte-buddy\1.14.4\byte-buddy-1.14.4.jar;C:\Users\Admin\.m2\repository\org\apache\commons\commons-exec\1.3\commons-exec-1.3.jar;C:\Users\Admin\.m2\repository\org\asynchttpclient\async-http-client\2.12.3\async-http-client-2.12.3.jar;C:\Users\Admin\.m2\repository\org\asynchttpclient\async-http-client-netty-utils\2.12.3\async-http-client-netty-utils-2.12.3.jar;C:\Users\Admin\.m2\repository\io\netty\netty-codec-socks\4.1.60.Final\netty-codec-socks-4.1.60.Final.jar;C:\Users\Admin\.m2\repository\io\netty\netty-handler-proxy\4.1.60.Final\netty-handler-proxy-4.1.60.Final.jar;C:\Users\Admin\.m2\repository\io\netty\netty-transport-native-epoll\4.1.60.Final\netty-transport-native-epoll-4.1.60.Final-linux-x86_64.jar;C:\Users\Admin\.m2\repository\io\netty\netty-transport-native-kqueue\4.1.60.Final\netty-transport-native-kqueue-4.1.60.Final-osx-x86_64.jar;C:\Users\Admin\.m2\repository\com\typesafe\netty\netty-reactive-streams\2.0.4\netty-reactive-streams-2.0.4.jar;C:\Users\Admin\.m2\repository\com\sun\activation\jakarta.activation\1.2.2\jakarta.activation-1.2.2.jar;C:\Users\Admin\.m2\repository\org\seleniumhq\selenium\selenium-safari-driver\4.10.0\selenium-safari-driver-4.10.0.jar;C:\Users\Admin\.m2\repository\org\seleniumhq\selenium\selenium-support\4.10.0\selenium-support-4.10.0.jar;C:\Users\Admin\.m2\repository\io\github\bonigarcia\webdrivermanager\5.3.2\webdrivermanager-5.3.2.jar;C:\Users\Admin\.m2\repository\org\slf4j\slf4j-api\2.0.6\slf4j-api-2.0.6.jar;C:\Users\Admin\.m2\repository\com\github\docker-java\docker-java\3.2.14\docker-java-3.2.14.jar;C:\Users\Admin\.m2\repository\com\github\docker-java\docker-java-core\3.2.14\docker-java-core-3.2.14.jar;C:\Users\Admin\.m2\repository\com\github\docker-java\docker-java-api\3.2.14\docker-java-api-3.2.14.jar;C:\Users\Admin\.m2\repository\com\fasterxml\jackson\core\jackson-annotations\2.10.3\jackson-annotations-2.10.3.jar;C:\Users\Admin\.m2\repository\org\apache\commons\commons-compress\1.21\commons-compress-1.21.jar;C:\Users\Admin\.m2\repository\com\fasterxml\jackson\core\jackson-databind\2.10.3\jackson-databind-2.10.3.jar;C:\Users\Admin\.m2\repository\com\fasterxml\jackson\core\jackson-core\2.10.3\jackson-core-2.10.3.jar;C:\Users\Admin\.m2\repository\org\bouncycastle\bcpkix-jdk15on\1.64\bcpkix-jdk15on-1.64.jar;C:\Users\Admin\.m2\repository\org\bouncycastle\bcprov-jdk15on\1.64\bcprov-jdk15on-1.64.jar;C:\Users\Admin\.m2\repository\org\slf4j\jcl-over-slf4j\1.7.30\jcl-over-slf4j-1.7.30.jar;C:\Users\Admin\.m2\repository\com\github\docker-java\docker-java-transport-httpclient5\3.2.14\docker-java-transport-httpclient5-3.2.14.jar;C:\Users\Admin\.m2\repository\com\github\docker-java\docker-java-transport\3.2.14\docker-java-transport-3.2.14.jar;C:\Users\Admin\.m2\repository\net\java\dev\jna\jna\5.12.1\jna-5.12.1.jar;C:\Users\Admin\.m2\repository\org\brotli\dec\0.1.2\dec-0.1.2.jar;C:\Users\Admin\.m2\repository\org\apache\commons\commons-lang3\3.12.0\commons-lang3-3.12.0.jar;C:\Users\Admin\.m2\repository\org\apache\httpcomponents\client5\httpclient5\5.2.1\httpclient5-5.2.1.jar;C:\Users\Admin\.m2\repository\org\apache\httpcomponents\core5\httpcore5\5.2\httpcore5-5.2.jar;C:\Users\Admin\.m2\repository\org\apache\httpcomponents\core5\httpcore5-h2\5.2\httpcore5-h2-5.2.jar;"/>
    <property name="java.vm.vendor" value="Oracle Corporation"/>
    <property name="sun.arch.data.model" value="64"/>
    <property name="user.variant" value=""/>
    <property name="java.vendor.url" value="https://openjdk.java.net/"/>
    <property name="user.timezone" value="Asia/Calcutta"/>
    <property name="java.vm.specification.version" value="11"/>
    <property name="os.name" value="Windows 10"/>
    <property name="sun.java.launcher" value="SUN_STANDARD"/>
    <property name="user.country" value="IN"/>
    <property name="sun.boot.library.path" value="C:\Program Files\Java\jdk-11.0.17\bin"/>
    <property name="sun.java.command" value="C:\Users\Admin\AppData\Local\Temp\surefire13192189921467701465\surefirebooter7604774902387769709.jar C:\Users\Admin\AppData\Local\Temp\surefire13192189921467701465 2023-08-06T17-54-50_781-jvmRun1 surefire4308892390074232193tmp surefire_016089315735906759049tmp"/>
    <property name="jdk.debug" value="release"/>
    <property name="surefire.test.class.path" value="C:\Users\Admin\eclipse-workspace\FlightBooking2\target\test-classes;C:\Users\Admin\eclipse-workspace\FlightBooking2\target\classes;C:\Users\Admin\.m2\repository\io\cucumber\cucumber-java\7.2.3\cucumber-java-7.2.3.jar;C:\Users\Admin\.m2\repository\io\cucumber\cucumber-core\7.2.3\cucumber-core-7.2.3.jar;C:\Users\Admin\.m2\repository\io\cucumber\cucumber-gherkin\7.2.3\cucumber-gherkin-7.2.3.jar;C:\Users\Admin\.m2\repository\io\cucumber\cucumber-gherkin-messages\7.2.3\cucumber-gherkin-messages-7.2.3.jar;C:\Users\Admin\.m2\repository\io\cucumber\messages\17.1.1\messages-17.1.1.jar;C:\Users\Admin\.m2\repository\io\cucumber\tag-expressions\4.1.0\tag-expressions-4.1.0.jar;C:\Users\Admin\.m2\repository\io\cucumber\cucumber-expressions\15.0.1\cucumber-expressions-15.0.1.jar;C:\Users\Admin\.m2\repository\io\cucumber\datatable\7.2.3\datatable-7.2.3.jar;C:\Users\Admin\.m2\repository\io\cucumber\cucumber-plugin\7.2.3\cucumber-plugin-7.2.3.jar;C:\Users\Admin\.m2\repository\io\cucumber\docstring\7.2.3\docstring-7.2.3.jar;C:\Users\Admin\.m2\repository\io\cucumber\html-formatter\17.0.0\html-formatter-17.0.0.jar;C:\Users\Admin\.m2\repository\io\cucumber\ci-environment\8.1.0\ci-environment-8.1.0.jar;C:\Users\Admin\.m2\repository\org\apiguardian\apiguardian-api\1.1.2\apiguardian-api-1.1.2.jar;C:\Users\Admin\.m2\repository\log4j\log4j\1.2.17\log4j-1.2.17.jar;C:\Users\Admin\.m2\repository\commons-io\commons-io\2.11.0\commons-io-2.11.0.jar;C:\Users\Admin\.m2\repository\com\codeborne\phantomjsdriver\1.5.0\phantomjsdriver-1.5.0.jar;C:\Users\Admin\.m2\repository\tech\grasshopper\extentreports-cucumber7-adapter\1.2.0\extentreports-cucumber7-adapter-1.2.0.jar;C:\Users\Admin\.m2\repository\tech\grasshopper\extent-pdf-report\1.7.4\extent-pdf-report-1.7.4.jar;C:\Users\Admin\.m2\repository\tech\grasshopper\cucumber-pdf-report\2.2.4\cucumber-pdf-report-2.2.4.jar;C:\Users\Admin\.m2\repository\org\apache\pdfbox\pdfbox\2.0.22\pdfbox-2.0.22.jar;C:\Users\Admin\.m2\repository\org\apache\pdfbox\fontbox\2.0.22\fontbox-2.0.22.jar;C:\Users\Admin\.m2\repository\org\knowm\xchart\xchart\3.8.0\xchart-3.8.0.jar;C:\Users\Admin\.m2\repository\de\erichseifert\vectorgraphics2d\VectorGraphics2D\0.13\VectorGraphics2D-0.13.jar;C:\Users\Admin\.m2\repository\de\rototor\pdfbox\graphics2d\0.30\graphics2d-0.30.jar;C:\Users\Admin\.m2\repository\com\madgag\animated-gif-lib\1.4\animated-gif-lib-1.4.jar;C:\Users\Admin\.m2\repository\org\yaml\snakeyaml\1.28\snakeyaml-1.28.jar;C:\Users\Admin\.m2\repository\tech\grasshopper\table-layout\1.2.0\table-layout-1.2.0.jar;C:\Users\Admin\.m2\repository\org\jsoup\jsoup\1.13.1\jsoup-1.13.1.jar;C:\Users\Admin\.m2\repository\com\aventstack\klov-reporter\5.0.9\klov-reporter-5.0.9.jar;C:\Users\Admin\.m2\repository\org\mongodb\mongodb-driver\3.6.4\mongodb-driver-3.6.4.jar;C:\Users\Admin\.m2\repository\org\mongodb\mongodb-driver-core\3.6.4\mongodb-driver-core-3.6.4.jar;C:\Users\Admin\.m2\repository\org\mongodb\bson\3.6.4\bson-3.6.4.jar;C:\Users\Admin\.m2\repository\org\apache\httpcomponents\httpclient\4.5.13\httpclient-4.5.13.jar;C:\Users\Admin\.m2\repository\org\apache\httpcomponents\httpcore\4.4.13\httpcore-4.4.13.jar;C:\Users\Admin\.m2\repository\commons-logging\commons-logging\1.2\commons-logging-1.2.jar;C:\Users\Admin\.m2\repository\commons-codec\commons-codec\1.11\commons-codec-1.11.jar;C:\Users\Admin\.m2\repository\org\apache\httpcomponents\httpmime\4.5.13\httpmime-4.5.13.jar;C:\Users\Admin\.m2\repository\tech\grasshopper\htmlextentreporter\1.0.0\htmlextentreporter-1.0.0.jar;C:\Users\Admin\.m2\repository\com\aventstack\extentreports\5.0.9\extentreports-5.0.9.jar;C:\Users\Admin\.m2\repository\io\reactivex\rxjava3\rxjava\3.0.4\rxjava-3.0.4.jar;C:\Users\Admin\.m2\repository\org\reactivestreams\reactive-streams\1.0.3\reactive-streams-1.0.3.jar;C:\Users\Admin\.m2\repository\org\freemarker\freemarker\2.3.30\freemarker-2.3.30.jar;C:\Users\Admin\.m2\repository\org\projectlombok\lombok\1.18.12\lombok-1.18.12.jar;C:\Users\Admin\.m2\repository\com\google\code\gson\gson\2.8.6\gson-2.8.6.jar;C:\Users\Admin\.m2\repository\io\cucumber\cucumber-picocontainer\7.2.3\cucumber-picocontainer-7.2.3.jar;C:\Users\Admin\.m2\repository\org\picocontainer\picocontainer\2.15\picocontainer-2.15.jar;C:\Users\Admin\.m2\repository\io\cucumber\cucumber-testng\7.2.3\cucumber-testng-7.2.3.jar;C:\Users\Admin\.m2\repository\org\testng\testng\7.4.0\testng-7.4.0.jar;C:\Users\Admin\.m2\repository\com\beust\jcommander\1.78\jcommander-1.78.jar;C:\Users\Admin\.m2\repository\org\webjars\jquery\3.5.1\jquery-3.5.1.jar;C:\Users\Admin\.m2\repository\org\seleniumhq\selenium\selenium-java\4.10.0\selenium-java-4.10.0.jar;C:\Users\Admin\.m2\repository\org\seleniumhq\selenium\selenium-api\4.10.0\selenium-api-4.10.0.jar;C:\Users\Admin\.m2\repository\org\seleniumhq\selenium\selenium-chrome-driver\4.10.0\selenium-chrome-driver-4.10.0.jar;C:\Users\Admin\.m2\repository\com\google\auto\service\auto-service-annotations\1.0.1\auto-service-annotations-1.0.1.jar;C:\Users\Admin\.m2\repository\com\google\auto\service\auto-service\1.0.1\auto-service-1.0.1.jar;C:\Users\Admin\.m2\repository\com\google\auto\auto-common\1.2\auto-common-1.2.jar;C:\Users\Admin\.m2\repository\com\google\guava\guava\31.1-jre\guava-31.1-jre.jar;C:\Users\Admin\.m2\repository\com\google\guava\failureaccess\1.0.1\failureaccess-1.0.1.jar;C:\Users\Admin\.m2\repository\com\google\guava\listenablefuture\9999.0-empty-to-avoid-conflict-with-guava\listenablefuture-9999.0-empty-to-avoid-conflict-with-guava.jar;C:\Users\Admin\.m2\repository\com\google\code\findbugs\jsr305\3.0.2\jsr305-3.0.2.jar;C:\Users\Admin\.m2\repository\org\checkerframework\checker-qual\3.12.0\checker-qual-3.12.0.jar;C:\Users\Admin\.m2\repository\com\google\errorprone\error_prone_annotations\2.11.0\error_prone_annotations-2.11.0.jar;C:\Users\Admin\.m2\repository\com\google\j2objc\j2objc-annotations\1.3\j2objc-annotations-1.3.jar;C:\Users\Admin\.m2\repository\org\seleniumhq\selenium\selenium-chromium-driver\4.10.0\selenium-chromium-driver-4.10.0.jar;C:\Users\Admin\.m2\repository\org\seleniumhq\selenium\selenium-json\4.10.0\selenium-json-4.10.0.jar;C:\Users\Admin\.m2\repository\org\seleniumhq\selenium\selenium-manager\4.10.0\selenium-manager-4.10.0.jar;C:\Users\Admin\.m2\repository\org\seleniumhq\selenium\selenium-devtools-v112\4.10.0\selenium-devtools-v112-4.10.0.jar;C:\Users\Admin\.m2\repository\org\seleniumhq\selenium\selenium-devtools-v113\4.10.0\selenium-devtools-v113-4.10.0.jar;C:\Users\Admin\.m2\repository\org\seleniumhq\selenium\selenium-devtools-v114\4.10.0\selenium-devtools-v114-4.10.0.jar;C:\Users\Admin\.m2\repository\org\seleniumhq\selenium\selenium-devtools-v85\4.10.0\selenium-devtools-v85-4.10.0.jar;C:\Users\Admin\.m2\repository\org\seleniumhq\selenium\selenium-edge-driver\4.10.0\selenium-edge-driver-4.10.0.jar;C:\Users\Admin\.m2\repository\org\seleniumhq\selenium\selenium-firefox-driver\4.10.0\selenium-firefox-driver-4.10.0.jar;C:\Users\Admin\.m2\repository\org\seleniumhq\selenium\selenium-http\4.10.0\selenium-http-4.10.0.jar;C:\Users\Admin\.m2\repository\dev\failsafe\failsafe\3.3.1\failsafe-3.3.1.jar;C:\Users\Admin\.m2\repository\org\seleniumhq\selenium\selenium-ie-driver\4.10.0\selenium-ie-driver-4.10.0.jar;C:\Users\Admin\.m2\repository\org\seleniumhq\selenium\selenium-remote-driver\4.10.0\selenium-remote-driver-4.10.0.jar;C:\Users\Admin\.m2\repository\io\netty\netty-buffer\4.1.92.Final\netty-buffer-4.1.92.Final.jar;C:\Users\Admin\.m2\repository\io\netty\netty-codec-http\4.1.92.Final\netty-codec-http-4.1.92.Final.jar;C:\Users\Admin\.m2\repository\io\netty\netty-codec\4.1.92.Final\netty-codec-4.1.92.Final.jar;C:\Users\Admin\.m2\repository\io\netty\netty-handler\4.1.92.Final\netty-handler-4.1.92.Final.jar;C:\Users\Admin\.m2\repository\io\netty\netty-common\4.1.92.Final\netty-common-4.1.92.Final.jar;C:\Users\Admin\.m2\repository\io\netty\netty-transport-classes-epoll\4.1.92.Final\netty-transport-classes-epoll-4.1.92.Final.jar;C:\Users\Admin\.m2\repository\io\netty\netty-transport-classes-kqueue\4.1.92.Final\netty-transport-classes-kqueue-4.1.92.Final.jar;C:\Users\Admin\.m2\repository\io\netty\netty-transport-native-epoll\4.1.92.Final\netty-transport-native-epoll-4.1.92.Final.jar;C:\Users\Admin\.m2\repository\io\netty\netty-transport-native-kqueue\4.1.92.Final\netty-transport-native-kqueue-4.1.92.Final.jar;C:\Users\Admin\.m2\repository\io\netty\netty-transport-native-unix-common\4.1.92.Final\netty-transport-native-unix-common-4.1.92.Final.jar;C:\Users\Admin\.m2\repository\io\netty\netty-transport\4.1.92.Final\netty-transport-4.1.92.Final.jar;C:\Users\Admin\.m2\repository\io\netty\netty-resolver\4.1.92.Final\netty-resolver-4.1.92.Final.jar;C:\Users\Admin\.m2\repository\io\opentelemetry\opentelemetry-api\1.26.0\opentelemetry-api-1.26.0.jar;C:\Users\Admin\.m2\repository\io\opentelemetry\opentelemetry-context\1.26.0\opentelemetry-context-1.26.0.jar;C:\Users\Admin\.m2\repository\io\opentelemetry\opentelemetry-exporter-logging\1.26.0\opentelemetry-exporter-logging-1.26.0.jar;C:\Users\Admin\.m2\repository\io\opentelemetry\opentelemetry-sdk-metrics\1.26.0\opentelemetry-sdk-metrics-1.26.0.jar;C:\Users\Admin\.m2\repository\io\opentelemetry\opentelemetry-extension-incubator\1.26.0-alpha\opentelemetry-extension-incubator-1.26.0-alpha.jar;C:\Users\Admin\.m2\repository\io\opentelemetry\opentelemetry-sdk-logs\1.26.0-alpha\opentelemetry-sdk-logs-1.26.0-alpha.jar;C:\Users\Admin\.m2\repository\io\opentelemetry\opentelemetry-api-logs\1.26.0-alpha\opentelemetry-api-logs-1.26.0-alpha.jar;C:\Users\Admin\.m2\repository\io\opentelemetry\opentelemetry-api-events\1.26.0-alpha\opentelemetry-api-events-1.26.0-alpha.jar;C:\Users\Admin\.m2\repository\io\opentelemetry\opentelemetry-sdk-common\1.26.0\opentelemetry-sdk-common-1.26.0.jar;C:\Users\Admin\.m2\repository\io\opentelemetry\opentelemetry-sdk-extension-autoconfigure-spi\1.26.0\opentelemetry-sdk-extension-autoconfigure-spi-1.26.0.jar;C:\Users\Admin\.m2\repository\io\opentelemetry\opentelemetry-sdk-extension-autoconfigure\1.26.0-alpha\opentelemetry-sdk-extension-autoconfigure-1.26.0-alpha.jar;C:\Users\Admin\.m2\repository\io\opentelemetry\opentelemetry-sdk-trace\1.26.0\opentelemetry-sdk-trace-1.26.0.jar;C:\Users\Admin\.m2\repository\io\opentelemetry\opentelemetry-sdk\1.26.0\opentelemetry-sdk-1.26.0.jar;C:\Users\Admin\.m2\repository\io\opentelemetry\opentelemetry-semconv\1.26.0-alpha\opentelemetry-semconv-1.26.0-alpha.jar;C:\Users\Admin\.m2\repository\net\bytebuddy\byte-buddy\1.14.4\byte-buddy-1.14.4.jar;C:\Users\Admin\.m2\repository\org\apache\commons\commons-exec\1.3\commons-exec-1.3.jar;C:\Users\Admin\.m2\repository\org\asynchttpclient\async-http-client\2.12.3\async-http-client-2.12.3.jar;C:\Users\Admin\.m2\repository\org\asynchttpclient\async-http-client-netty-utils\2.12.3\async-http-client-netty-utils-2.12.3.jar;C:\Users\Admin\.m2\repository\io\netty\netty-codec-socks\4.1.60.Final\netty-codec-socks-4.1.60.Final.jar;C:\Users\Admin\.m2\repository\io\netty\netty-handler-proxy\4.1.60.Final\netty-handler-proxy-4.1.60.Final.jar;C:\Users\Admin\.m2\repository\io\netty\netty-transport-native-epoll\4.1.60.Final\netty-transport-native-epoll-4.1.60.Final-linux-x86_64.jar;C:\Users\Admin\.m2\repository\io\netty\netty-transport-native-kqueue\4.1.60.Final\netty-transport-native-kqueue-4.1.60.Final-osx-x86_64.jar;C:\Users\Admin\.m2\repository\com\typesafe\netty\netty-reactive-streams\2.0.4\netty-reactive-streams-2.0.4.jar;C:\Users\Admin\.m2\repository\com\sun\activation\jakarta.activation\1.2.2\jakarta.activation-1.2.2.jar;C:\Users\Admin\.m2\repository\org\seleniumhq\selenium\selenium-safari-driver\4.10.0\selenium-safari-driver-4.10.0.jar;C:\Users\Admin\.m2\repository\org\seleniumhq\selenium\selenium-support\4.10.0\selenium-support-4.10.0.jar;C:\Users\Admin\.m2\repository\io\github\bonigarcia\webdrivermanager\5.3.2\webdrivermanager-5.3.2.jar;C:\Users\Admin\.m2\repository\org\slf4j\slf4j-api\2.0.6\slf4j-api-2.0.6.jar;C:\Users\Admin\.m2\repository\com\github\docker-java\docker-java\3.2.14\docker-java-3.2.14.jar;C:\Users\Admin\.m2\repository\com\github\docker-java\docker-java-core\3.2.14\docker-java-core-3.2.14.jar;C:\Users\Admin\.m2\repository\com\github\docker-java\docker-java-api\3.2.14\docker-java-api-3.2.14.jar;C:\Users\Admin\.m2\repository\com\fasterxml\jackson\core\jackson-annotations\2.10.3\jackson-annotations-2.10.3.jar;C:\Users\Admin\.m2\repository\org\apache\commons\commons-compress\1.21\commons-compress-1.21.jar;C:\Users\Admin\.m2\repository\com\fasterxml\jackson\core\jackson-databind\2.10.3\jackson-databind-2.10.3.jar;C:\Users\Admin\.m2\repository\com\fasterxml\jackson\core\jackson-core\2.10.3\jackson-core-2.10.3.jar;C:\Users\Admin\.m2\repository\org\bouncycastle\bcpkix-jdk15on\1.64\bcpkix-jdk15on-1.64.jar;C:\Users\Admin\.m2\repository\org\bouncycastle\bcprov-jdk15on\1.64\bcprov-jdk15on-1.64.jar;C:\Users\Admin\.m2\repository\org\slf4j\jcl-over-slf4j\1.7.30\jcl-over-slf4j-1.7.30.jar;C:\Users\Admin\.m2\repository\com\github\docker-java\docker-java-transport-httpclient5\3.2.14\docker-java-transport-httpclient5-3.2.14.jar;C:\Users\Admin\.m2\repository\com\github\docker-java\docker-java-transport\3.2.14\docker-java-transport-3.2.14.jar;C:\Users\Admin\.m2\repository\net\java\dev\jna\jna\5.12.1\jna-5.12.1.jar;C:\Users\Admin\.m2\repository\org\brotli\dec\0.1.2\dec-0.1.2.jar;C:\Users\Admin\.m2\repository\org\apache\commons\commons-lang3\3.12.0\commons-lang3-3.12.0.jar;C:\Users\Admin\.m2\repository\org\apache\httpcomponents\client5\httpclient5\5.2.1\httpclient5-5.2.1.jar;C:\Users\Admin\.m2\repository\org\apache\httpcomponents\core5\httpcore5\5.2\httpcore5-5.2.jar;C:\Users\Admin\.m2\repository\org\apache\httpcomponents\core5\httpcore5-h2\5.2\httpcore5-h2-5.2.jar;"/>
    <property name="sun.cpu.endian" value="little"/>
    <property name="user.home" value="C:\Users\Admin"/>
    <property name="user.language" value="en"/>
    <property name="java.specification.vendor" value="Oracle Corporation"/>
    <property name="java.version.date" value="2022-10-18"/>
    <property name="java.home" value="C:\Program Files\Java\jdk-11.0.17"/>
    <property name="file.separator" value="\"/>
    <property name="basedir" value="C:\Users\Admin\eclipse-workspace\FlightBooking2"/>
    <property name="java.vm.compressedOopsMode" value="32-bit"/>
    <property name="line.separator" value="&#10;"/>
    <property name="java.specification.name" value="Java Platform API Specification"/>
    <property name="java.vm.specification.vendor" value="Oracle Corporation"/>
    <property name="java.awt.graphicsenv" value="sun.awt.Win32GraphicsEnvironment"/>
    <property name="surefire.real.class.path" value="C:\Users\Admin\AppData\Local\Temp\surefire13192189921467701465\surefirebooter7604774902387769709.jar"/>
    <property name="user.script" value=""/>
    <property name="sun.management.compiler" value="HotSpot 64-Bit Tiered Compilers"/>
    <property name="java.runtime.version" value="11.0.17+10-LTS-269"/>
    <property name="user.name" value="Admin"/>
    <property name="path.separator" value=";"/>
    <property name="os.version" value="10.0"/>
    <property name="java.runtime.name" value="Java(TM) SE Runtime Environment"/>
    <property name="file.encoding" value="Cp1252"/>
    <property name="java.vm.name" value="Java HotSpot(TM) 64-Bit Server VM"/>
    <property name="java.vendor.version" value="18.9"/>
    <property name="localRepository" value="C:\Users\Admin\.m2\repository"/>
    <property name="java.vendor.url.bug" value="https://bugreport.java.com/bugreport/"/>
    <property name="java.io.tmpdir" value="C:\Users\Admin\AppData\Local\Temp\"/>
    <property name="java.version" value="11.0.17"/>
    <property name="user.dir" value="C:\Users\Admin\eclipse-workspace\FlightBooking2"/>
    <property name="os.arch" value="amd64"/>
    <property name="java.vm.specification.name" value="Java Virtual Machine Specification"/>
    <property name="java.awt.printerjob" value="sun.awt.windows.WPrinterJob"/>
    <property name="sun.os.patch.level" value=""/>
    <property name="java.library.path" value="C:\Program Files\Java\jdk-11.0.17\bin;C:\Windows\Sun\Java\bin;C:\Windows\system32;C:\Windows;C:/Program Files/Java/jdk-11.0.17/bin/server;C:/Program Files/Java/jdk-11.0.17/bin;C:\Program Files (x86)\Common Files\Oracle\Java\javapath;C:\Windows\system32;C:\Windows;C:\Windows\System32\Wbem;C:\Windows\System32\WindowsPowerShell\v1.0\;C:\Windows\System32\OpenSSH\;C:\Windows\IsmFiles;C:\Program Files\Java\jdk-11.0.17\bin;C:\Program Files\Maven\apache-maven-3.8.7-bin\apache-maven-3.8.7\bin;C:\Program Files\Git\cmd;C:\Program Files\MySQL\MySQL Shell 8.0\bin\;C:\Users\Admin\AppData\Local\Microsoft\WindowsApps;;C:\Users\Admin\Downloads\eclipse-jee-photon-R-win32-x86_64\eclipse;;."/>
    <property name="java.vendor" value="Oracle Corporation"/>
    <property name="java.vm.info" value="mixed mode"/>
    <property name="java.vm.version" value="11.0.17+10-LTS-269"/>
    <property name="sun.io.unicode.encoding" value="UnicodeLittle"/>
    <property name="java.class.version" value="55.0"/>
  </properties>
  <testcase name="runScenario[&quot;Verify error message is displayed when more than 9 passengers are selected&quot;, &quot;Optional[Error messages during flight search]&quot;](1)" classname="cucumberOptions.TestNGTestRunner" time="73.583">
    <system-out><![CDATA[08-06-2023 17:55:00 InternalLoggerFactory.java DEBUG [TestNG-PoolService-0] logging.InternalLoggerFactory 89 - Using Log4J as the default logging framework
08-06-2023 17:55:00 ResourceLeakDetector.java DEBUG [TestNG-PoolService-0] util.ResourceLeakDetector 129 - -Dio.netty.leakDetection.level: simple
08-06-2023 17:55:00 ResourceLeakDetector.java DEBUG [TestNG-PoolService-0] util.ResourceLeakDetector 130 - -Dio.netty.leakDetection.targetRecords: 4
08-06-2023 17:55:00 ResourceLeakDetectorFactory.java DEBUG [TestNG-PoolService-0] util.ResourceLeakDetectorFactory 196 - Loaded default ResourceLeakDetector: io.netty.util.ResourceLeakDetector@4fa62e8e
08-06-2023 17:55:01 PlatformDependent0.java DEBUG [TestNG-PoolService-0] internal.PlatformDependent0 496 - -Dio.netty.noUnsafe: false
08-06-2023 17:55:01 PlatformDependent0.java DEBUG [TestNG-PoolService-0] internal.PlatformDependent0 1000 - Java version: 11
08-06-2023 17:55:01 PlatformDependent0.java DEBUG [TestNG-PoolService-0] internal.PlatformDependent0 137 - sun.misc.Unsafe.theUnsafe: available
08-06-2023 17:55:01 PlatformDependent0.java DEBUG [TestNG-PoolService-0] internal.PlatformDependent0 161 - sun.misc.Unsafe.copyMemory: available
08-06-2023 17:55:01 PlatformDependent0.java DEBUG [TestNG-PoolService-0] internal.PlatformDependent0 193 - sun.misc.Unsafe.storeFence: available
08-06-2023 17:55:01 PlatformDependent0.java DEBUG [TestNG-PoolService-0] internal.PlatformDependent0 236 - java.nio.Buffer.address: available
08-06-2023 17:55:01 PlatformDependent0.java DEBUG [TestNG-PoolService-0] internal.PlatformDependent0 320 - direct buffer constructor: unavailable: Reflective setAccessible(true) disabled
08-06-2023 17:55:01 PlatformDependent0.java DEBUG [TestNG-PoolService-0] internal.PlatformDependent0 385 - java.nio.Bits.unaligned: available, true
08-06-2023 17:55:01 PlatformDependent0.java DEBUG [TestNG-PoolService-0] internal.PlatformDependent0 452 - jdk.internal.misc.Unsafe.allocateUninitializedArray(int): unavailable: class io.netty.util.internal.PlatformDependent0$7 cannot access class jdk.internal.misc.Unsafe (in module java.base) because module java.base does not export jdk.internal.misc to unnamed module @333dd51e
08-06-2023 17:55:01 PlatformDependent0.java DEBUG [TestNG-PoolService-0] internal.PlatformDependent0 482 - java.nio.DirectByteBuffer.<init>(long, int): unavailable
08-06-2023 17:55:01 PlatformDependent.java DEBUG [TestNG-PoolService-0] internal.PlatformDependent 1159 - sun.misc.Unsafe: available
08-06-2023 17:55:01 PlatformDependent.java DEBUG [TestNG-PoolService-0] internal.PlatformDependent 1270 - maxDirectMemory: 1023410176 bytes (maybe)
08-06-2023 17:55:01 PlatformDependent.java DEBUG [TestNG-PoolService-0] internal.PlatformDependent 1289 - -Dio.netty.tmpdir: C:\Users\Admin\AppData\Local\Temp (java.io.tmpdir)
08-06-2023 17:55:01 PlatformDependent.java DEBUG [TestNG-PoolService-0] internal.PlatformDependent 1368 - -Dio.netty.bitMode: 64 (sun.arch.data.model)
08-06-2023 17:55:01 PlatformDependent.java DEBUG [TestNG-PoolService-0] internal.PlatformDependent 1119 - Platform: Windows
08-06-2023 17:55:01 PlatformDependent.java DEBUG [TestNG-PoolService-0] internal.PlatformDependent 178 - -Dio.netty.maxDirectMemory: -1 bytes
08-06-2023 17:55:01 PlatformDependent.java DEBUG [TestNG-PoolService-0] internal.PlatformDependent 185 - -Dio.netty.uninitializedArrayAllocationThreshold: -1
08-06-2023 17:55:01 CleanerJava9.java DEBUG [TestNG-PoolService-0] internal.CleanerJava9 71 - java.nio.ByteBuffer.cleaner(): available
08-06-2023 17:55:01 PlatformDependent.java DEBUG [TestNG-PoolService-0] internal.PlatformDependent 205 - -Dio.netty.noPreferDirect: false
08-06-2023 17:55:01 PlatformDependent.java DEBUG [TestNG-PoolService-0] internal.PlatformDependent 1010 - org.jctools-core.MpscChunkedArrayQueue: available
08-06-2023 17:55:01 InternalThreadLocalMap.java DEBUG [TestNG-PoolService-0] internal.InternalThreadLocalMap 100 - -Dio.netty.threadLocalMap.stringBuilder.initialSize: 1024
08-06-2023 17:55:01 InternalThreadLocalMap.java DEBUG [TestNG-PoolService-0] internal.InternalThreadLocalMap 101 - -Dio.netty.threadLocalMap.stringBuilder.maxSize: 4096
08-06-2023 17:55:01 JdkSslContext.java DEBUG [TestNG-PoolService-0] ssl.JdkSslContext 83 - Default protocols (JDK): [TLSv1.3, TLSv1.2] 
08-06-2023 17:55:01 JdkSslContext.java DEBUG [TestNG-PoolService-0] ssl.JdkSslContext 84 - Default cipher suites (JDK): [TLS_ECDHE_ECDSA_WITH_AES_256_GCM_SHA384, TLS_ECDHE_ECDSA_WITH_AES_128_GCM_SHA256, TLS_ECDHE_RSA_WITH_AES_128_GCM_SHA256, TLS_ECDHE_RSA_WITH_AES_256_GCM_SHA384, TLS_ECDHE_RSA_WITH_AES_128_CBC_SHA, TLS_ECDHE_RSA_WITH_AES_256_CBC_SHA, TLS_RSA_WITH_AES_128_GCM_SHA256, TLS_RSA_WITH_AES_128_CBC_SHA, TLS_RSA_WITH_AES_256_CBC_SHA, TLS_AES_128_GCM_SHA256, TLS_AES_256_GCM_SHA384]
08-06-2023 17:55:01 GlobalEventExecutor.java DEBUG [TestNG-PoolService-0] concurrent.GlobalEventExecutor 53 - -Dio.netty.globalEventExecutor.quietPeriodSeconds: 1
08-06-2023 17:55:01 MultithreadEventLoopGroup.java DEBUG [TestNG-PoolService-0] channel.MultithreadEventLoopGroup 44 - -Dio.netty.eventLoopThreads: 8
08-06-2023 17:55:01 NioEventLoop.java DEBUG [TestNG-PoolService-0] nio.NioEventLoop 110 - -Dio.netty.noKeySetOptimization: false
08-06-2023 17:55:01 NioEventLoop.java DEBUG [TestNG-PoolService-0] nio.NioEventLoop 111 - -Dio.netty.selectorAutoRebuildThreshold: 512
08-06-2023 17:55:01 PooledByteBufAllocator.java DEBUG [TestNG-PoolService-0] buffer.PooledByteBufAllocator 157 - -Dio.netty.allocator.numHeapArenas: 8
08-06-2023 17:55:01 PooledByteBufAllocator.java DEBUG [TestNG-PoolService-0] buffer.PooledByteBufAllocator 158 - -Dio.netty.allocator.numDirectArenas: 8
08-06-2023 17:55:01 PooledByteBufAllocator.java DEBUG [TestNG-PoolService-0] buffer.PooledByteBufAllocator 160 - -Dio.netty.allocator.pageSize: 8192
08-06-2023 17:55:01 PooledByteBufAllocator.java DEBUG [TestNG-PoolService-0] buffer.PooledByteBufAllocator 165 - -Dio.netty.allocator.maxOrder: 9
08-06-2023 17:55:01 PooledByteBufAllocator.java DEBUG [TestNG-PoolService-0] buffer.PooledByteBufAllocator 169 - -Dio.netty.allocator.chunkSize: 4194304
08-06-2023 17:55:01 PooledByteBufAllocator.java DEBUG [TestNG-PoolService-0] buffer.PooledByteBufAllocator 170 - -Dio.netty.allocator.smallCacheSize: 256
08-06-2023 17:55:01 PooledByteBufAllocator.java DEBUG [TestNG-PoolService-0] buffer.PooledByteBufAllocator 171 - -Dio.netty.allocator.normalCacheSize: 64
08-06-2023 17:55:01 PooledByteBufAllocator.java DEBUG [TestNG-PoolService-0] buffer.PooledByteBufAllocator 172 - -Dio.netty.allocator.maxCachedBufferCapacity: 32768
08-06-2023 17:55:01 PooledByteBufAllocator.java DEBUG [TestNG-PoolService-0] buffer.PooledByteBufAllocator 173 - -Dio.netty.allocator.cacheTrimInterval: 8192
08-06-2023 17:55:01 PooledByteBufAllocator.java DEBUG [TestNG-PoolService-0] buffer.PooledByteBufAllocator 174 - -Dio.netty.allocator.cacheTrimIntervalMillis: 0
08-06-2023 17:55:01 PooledByteBufAllocator.java DEBUG [TestNG-PoolService-0] buffer.PooledByteBufAllocator 175 - -Dio.netty.allocator.useCacheForAllThreads: false
08-06-2023 17:55:01 PooledByteBufAllocator.java DEBUG [TestNG-PoolService-0] buffer.PooledByteBufAllocator 176 - -Dio.netty.allocator.maxCachedByteBuffersPerChunk: 1023
08-06-2023 17:55:01 ByteBufUtil.java DEBUG [TestNG-PoolService-0] buffer.ByteBufUtil 88 - -Dio.netty.allocator.type: pooled
08-06-2023 17:55:01 ByteBufUtil.java DEBUG [TestNG-PoolService-0] buffer.ByteBufUtil 97 - -Dio.netty.threadLocalDirectBufferSize: 0
08-06-2023 17:55:01 ByteBufUtil.java DEBUG [TestNG-PoolService-0] buffer.ByteBufUtil 100 - -Dio.netty.maxThreadLocalCharBufferSize: 16384
08-06-2023 17:55:02 DefaultChannelId.java DEBUG [Forwarding newSession on session null to remote] channel.DefaultChannelId 79 - -Dio.netty.processId: 31008 (auto-detected)
08-06-2023 17:55:02 NetUtil.java DEBUG [Forwarding newSession on session null to remote] util.NetUtil 148 - -Djava.net.preferIPv4Stack: false
08-06-2023 17:55:02 NetUtil.java DEBUG [Forwarding newSession on session null to remote] util.NetUtil 149 - -Djava.net.preferIPv6Addresses: false
08-06-2023 17:55:03 NetUtilInitializations.java DEBUG [Forwarding newSession on session null to remote] util.NetUtilInitializations 145 - Loopback interface: lo (Software Loopback Interface 1, 127.0.0.1)
08-06-2023 17:55:03 NetUtil.java DEBUG [Forwarding newSession on session null to remote] util.NetUtil 206 - Failed to get SOMAXCONN from sysctl and file \proc\sys\net\core\somaxconn. Default: 200
08-06-2023 17:55:03 DefaultChannelId.java DEBUG [Forwarding newSession on session null to remote] channel.DefaultChannelId 101 - -Dio.netty.machineId: 74:40:bb:ff:fe:e5:ca:43 (auto-detected)
08-06-2023 17:55:03 AbstractByteBuf.java DEBUG [AsyncHttpClient-1-2] buffer.AbstractByteBuf 63 - -Dio.netty.buffer.checkAccessible: true
08-06-2023 17:55:03 AbstractByteBuf.java DEBUG [AsyncHttpClient-1-2] buffer.AbstractByteBuf 64 - -Dio.netty.buffer.checkBounds: true
08-06-2023 17:55:03 ResourceLeakDetectorFactory.java DEBUG [AsyncHttpClient-1-2] util.ResourceLeakDetectorFactory 196 - Loaded default ResourceLeakDetector: io.netty.util.ResourceLeakDetector@6abfcb06
08-06-2023 17:55:03 Recycler.java DEBUG [AsyncHttpClient-1-2] util.Recycler 96 - -Dio.netty.recycler.maxCapacityPerThread: 4096
08-06-2023 17:55:03 Recycler.java DEBUG [AsyncHttpClient-1-2] util.Recycler 97 - -Dio.netty.recycler.ratio: 8
08-06-2023 17:55:03 Recycler.java DEBUG [AsyncHttpClient-1-2] util.Recycler 98 - -Dio.netty.recycler.chunkSize: 32
08-06-2023 17:55:03 Recycler.java DEBUG [AsyncHttpClient-1-2] util.Recycler 99 - -Dio.netty.recycler.blocking: false
08-06-2023 17:55:03 Recycler.java DEBUG [AsyncHttpClient-1-2] util.Recycler 100 - -Dio.netty.recycler.batchFastThreadLocalOnly: true
08-06-2023 17:55:06 Brotli.java DEBUG [AsyncHttpClient-1-2] compression.Brotli 38 - brotli4j not in the classpath; Brotli support will be unavailable.
08-06-2023 17:55:06 ThreadLocalRandom.java DEBUG [TestNG-PoolService-0] internal.ThreadLocalRandom 214 - -Dio.netty.initialSeedUniquifier: 0xae53bb61554006eb
08-06-2023 17:55:14 GenericUtils.java INFO  [TestNG-PoolService-0] lang.String 37 - multicity booking strategy is set
I am in multitrip
08-06-2023 17:55:22 GenericUtils.java INFO  [TestNG-PoolService-0] lang.String 37 - flight option is selected
net::ERR_ABORTED
181144.50225
net::ERR_ABORTED
181145.177645
net::ERR_ABORTED
181145.249432
net::ERR_ABORTED
181145.330274
net::ERR_ABORTED
181145.400174
net::ERR_ABORTED
181145.478618
08-06-2023 17:55:34 GenericUtils.java INFO  [TestNG-PoolService-0] lang.String 37 - Origin and Destination is selected
08-06-2023 17:55:40 GenericUtils.java INFO  [TestNG-PoolService-0] lang.String 37 - Clicked on depart date
08-06-2023 17:55:43 GenericUtils.java INFO  [TestNG-PoolService-0] lang.String 37 - journey date is selected
08-06-2023 17:56:09 GenericUtils.java INFO  [TestNG-PoolService-0] lang.String 37 - Passengers are added with more than allowed capacity
08-06-2023 17:56:09 GenericUtils.java INFO  [TestNG-PoolService-0] lang.String 37 - Error message is displyed
You are allowed a maximum of 9 passengers per booking online. If your party is larger than this, please call our reservation center.
]]></system-out>
    <system-err><![CDATA[log4j:ERROR Could not find value for key log4j.appender.info
log4j:ERROR Could not instantiate appender named "info".
log4j:WARN Failed to set property [append] to value "false;". 
SLF4J: No SLF4J providers were found.
SLF4J: Defaulting to no-operation (NOP) logger implementation
SLF4J: See https://www.slf4j.org/codes.html#noProviders for further details.
Aug 06, 2023 5:55:00 PM org.openqa.selenium.remote.service.DriverService$Builder getLogOutput
INFO: Driver logs no longer sent to console by default; https://www.selenium.dev/documentation/webdriver/drivers/service/#setting-log-output
Aug 06, 2023 5:55:06 PM org.openqa.selenium.devtools.CdpVersionFinder findNearestMatch
WARNING: Unable to find an exact match for CDP version 115, so returning the closest version found: 114
]]></system-err>
  </testcase>
  <testcase name="runScenario[&quot;Book holiday packages in destination city&quot;, &quot;Optional[Book holiday package]&quot;](2)" classname="cucumberOptions.TestNGTestRunner" time="51.986">
    <system-out><![CDATA[08-06-2023 17:56:25 GenericUtils.java INFO  [TestNG-PoolService-0] lang.String 37 - Click on holiday package
08-06-2023 17:56:32 GenericUtils.java INFO  [TestNG-PoolService-0] lang.String 37 - Destination is selected
08-06-2023 17:56:48 GenericUtils.java INFO  [TestNG-PoolService-0] lang.String 37 - departure and arrival city is seleted
08-06-2023 17:56:54 GenericUtils.java INFO  [TestNG-PoolService-0] lang.String 37 - departure date is selected
08-06-2023 17:57:00 GenericUtils.java INFO  [TestNG-PoolService-0] lang.String 37 - clicked on search button
]]></system-out>
    <system-err><![CDATA[Aug 06, 2023 5:56:12 PM org.openqa.selenium.remote.service.DriverService$Builder getLogOutput
INFO: Driver logs no longer sent to console by default; https://www.selenium.dev/documentation/webdriver/drivers/service/#setting-log-output
Aug 06, 2023 5:56:14 PM org.openqa.selenium.devtools.CdpVersionFinder findNearestMatch
WARNING: Unable to find an exact match for CDP version 115, so returning the closest version found: 114
]]></system-err>
  </testcase>
  <testcase name="runScenario[&quot;Search flight with multicity journeytype option&quot;, &quot;Optional[Search flight]&quot;](3)" classname="cucumberOptions.TestNGTestRunner" time="79.352">
    <system-out><![CDATA[08-06-2023 17:57:12 GenericUtils.java INFO  [TestNG-PoolService-0] lang.String 37 - multicity booking strategy is set
I am in multitrip
08-06-2023 17:57:20 GenericUtils.java INFO  [TestNG-PoolService-0] lang.String 37 - flight option is selected
net::ERR_ABORTED
181262.58531
net::ERR_ABORTED
181263.022772
net::ERR_ABORTED
181263.103906
net::ERR_ABORTED
181263.177291
net::ERR_ABORTED
181263.245578
net::ERR_ABORTED
181263.320356
08-06-2023 17:57:32 GenericUtils.java INFO  [TestNG-PoolService-0] lang.String 37 - Origin and Destination is selected
08-06-2023 17:57:38 GenericUtils.java INFO  [TestNG-PoolService-0] lang.String 37 - Clicked on depart date
08-06-2023 17:57:41 GenericUtils.java INFO  [TestNG-PoolService-0] lang.String 37 - journey date is selected
08-06-2023 17:58:00 GenericUtils.java INFO  [TestNG-PoolService-0] lang.String 37 - Added passengers
08-06-2023 17:58:03 GenericUtils.java INFO  [TestNG-PoolService-0] lang.String 37 - Currency is selected
net::ERR_ABORTED
181309.371971
net::ERR_ABORTED
181309.450001
net::ERR_ABORTED
181309.531446
net::ERR_ABORTED
181310.432159
net::ERR_ABORTED
181310.497058
net::ERR_ABORTED
181311.407853
08-06-2023 17:58:20 GenericUtils.java INFO  [TestNG-PoolService-0] lang.String 37 - Clicked on search button
]]></system-out>
    <system-err><![CDATA[Aug 06, 2023 5:57:04 PM org.openqa.selenium.remote.service.DriverService$Builder getLogOutput
INFO: Driver logs no longer sent to console by default; https://www.selenium.dev/documentation/webdriver/drivers/service/#setting-log-output
Aug 06, 2023 5:57:06 PM org.openqa.selenium.devtools.CdpVersionFinder findNearestMatch
WARNING: Unable to find an exact match for CDP version 115, so returning the closest version found: 114
]]></system-err>
  </testcase>
  <testcase name="runScenario[&quot;Search flight with oneway journeytype option&quot;, &quot;Optional[Search flight]&quot;](4)" classname="cucumberOptions.TestNGTestRunner" time="71.423">
    <system-out><![CDATA[08-06-2023 17:58:31 GenericUtils.java INFO  [TestNG-PoolService-0] lang.String 37 - oneway booking strategy is set
I am in oneway
08-06-2023 17:58:31 GenericUtils.java INFO  [TestNG-PoolService-0] lang.String 37 - flight option is selected
net::ERR_ABORTED
181333.580828
net::ERR_ABORTED
181334.1728
net::ERR_ABORTED
181334.24859
net::ERR_ABORTED
181334.331135
net::ERR_ABORTED
181334.405241
net::ERR_ABORTED
181334.480954
08-06-2023 17:58:43 GenericUtils.java INFO  [TestNG-PoolService-0] lang.String 37 - Origin and Destination is selected
08-06-2023 17:58:46 GenericUtils.java INFO  [TestNG-PoolService-0] lang.String 37 - journey date is selected
08-06-2023 17:59:11 GenericUtils.java INFO  [TestNG-PoolService-0] lang.String 37 - Added passengers
08-06-2023 17:59:15 GenericUtils.java INFO  [TestNG-PoolService-0] lang.String 37 - Currency is selected
net::ERR_ABORTED
181381.270408
net::ERR_ABORTED
181381.349079
net::ERR_ABORTED
181381.430878
net::ERR_ABORTED
181381.502582
net::ERR_ABORTED
181381.579635
net::ERR_ABORTED
181383.523412
08-06-2023 17:59:31 GenericUtils.java INFO  [TestNG-PoolService-0] lang.String 37 - Clicked on search button
]]></system-out>
    <system-err><![CDATA[Aug 06, 2023 5:58:23 PM org.openqa.selenium.remote.service.DriverService$Builder getLogOutput
INFO: Driver logs no longer sent to console by default; https://www.selenium.dev/documentation/webdriver/drivers/service/#setting-log-output
Aug 06, 2023 5:58:25 PM org.openqa.selenium.devtools.CdpVersionFinder findNearestMatch
WARNING: Unable to find an exact match for CDP version 115, so returning the closest version found: 114
]]></system-err>
  </testcase>
  <testcase name="runScenario[&quot;Search flight with roundtrip journeytype option&quot;, &quot;Optional[Search flight]&quot;](5)" classname="cucumberOptions.TestNGTestRunner" time="91.31">
    <system-out><![CDATA[08-06-2023 17:59:42 GenericUtils.java INFO  [TestNG-PoolService-0] lang.String 37 - roundtrip booking strategy is set
I am in roundtrip
08-06-2023 17:59:47 GenericUtils.java INFO  [TestNG-PoolService-0] lang.String 37 - flight option is selected
net::ERR_ABORTED
181410.274402
net::ERR_ABORTED
181410.949825
net::ERR_ABORTED
181411.023144
net::ERR_ABORTED
181411.102368
net::ERR_ABORTED
181411.173325
net::ERR_ABORTED
181411.254061
08-06-2023 18:00:00 GenericUtils.java INFO  [TestNG-PoolService-0] lang.String 37 - Origin and Destination is selected
08-06-2023 18:00:04 GenericUtils.java INFO  [TestNG-PoolService-0] lang.String 37 - journey date is selected
08-06-2023 18:00:09 GenericUtils.java INFO  [TestNG-PoolService-0] lang.String 37 - return date is selected
08-06-2023 18:00:12 GenericUtils.java INFO  [TestNG-PoolService-0] lang.String 37 - return journey date is selected
08-06-2023 18:00:44 GenericUtils.java INFO  [TestNG-PoolService-0] lang.String 37 - Added passengers
08-06-2023 18:00:47 GenericUtils.java INFO  [TestNG-PoolService-0] lang.String 37 - Currency is selected
net::ERR_ABORTED
181472.756041
net::ERR_ABORTED
181472.828238
net::ERR_ABORTED
181472.902822
net::ERR_ABORTED
181472.977586
net::ERR_ABORTED
181473.052785
net::ERR_ABORTED
181474.852207
08-06-2023 18:01:02 GenericUtils.java INFO  [TestNG-PoolService-0] lang.String 37 - Clicked on search button
]]></system-out>
    <system-err><![CDATA[Aug 06, 2023 5:59:34 PM org.openqa.selenium.remote.service.DriverService$Builder getLogOutput
INFO: Driver logs no longer sent to console by default; https://www.selenium.dev/documentation/webdriver/drivers/service/#setting-log-output
Aug 06, 2023 5:59:36 PM org.openqa.selenium.devtools.CdpVersionFinder findNearestMatch
WARNING: Unable to find an exact match for CDP version 115, so returning the closest version found: 114
]]></system-err>
  </testcase>
</testsuite>