<?xml version="1.0" encoding="UTF-8"?>
<!-- Generated by org.testng.reporters.JUnitReportReporter -->
<testsuite hostname="DESKTOP-T9GRIS5" failures="0" tests="1" name="cucumber.TestNGRunner" time="15.653" errors="0" timestamp="2023-02-10T17:18:05 IST" skipped="0">
  <testcase classname="cucumber.TestNGRunner" name="runScenario" time="15.653"/>
  <system-out/>
</testsuite> <!-- cucumber.TestNGRunner -->
