<?xml version="1.0" encoding="UTF-8"?>
<!-- Generated by org.testng.reporters.JUnitReportReporter -->
<testsuite hostname="DESKTOP-T9GRIS5" failures="0" tests="1" name="cucumber.TestNGTestRunner" time="28.381" errors="0" timestamp="2023-06-07T15:52:52 IST" skipped="0">
  <testcase classname="cucumber.TestNGTestRunner" name="runScenario" time="28.381"/>
  <system-out/>
</testsuite> <!-- cucumber.TestNGTestRunner -->
