<?xml version="1.0" encoding="UTF-8"?>
<!-- Generated by org.testng.reporters.JUnitReportReporter -->
<testsuite hostname="DESKTOP-T9GRIS5" failures="0" tests="1" name="DataBaseTest" time="1.682" errors="0" timestamp="2023-02-08T15:34:38 IST" skipped="0">
  <testcase classname="DataBaseTest" name="databaseRecords" time="1.682"/>
  <system-out/>
</testsuite> <!-- DataBaseTest -->
