<?xml version="1.0" encoding="UTF-8"?>
<!-- Generated by org.testng.reporters.JUnitReportReporter -->
<testsuite hostname="DESKTOP-T9GRIS5" failures="0" tests="1" name="first.AutoSuggestDD" time="29.757" errors="0" timestamp="2023-06-16T18:27:58 IST" skipped="0">
  <testcase classname="first.AutoSuggestDD" name="browserStack" time="29.757"/>
  <system-out/>
</testsuite> <!-- first.AutoSuggestDD -->
