<?xml version="1.0" encoding="UTF-8"?>
<!-- Generated by org.testng.reporters.JUnitReportReporter -->
<testsuite hostname="DESKTOP-T9GRIS5" failures="0" tests="1" name="rahulshettyacademy.seleniumframeworkdesign.SeleniumGrid" time="14.934" errors="0" timestamp="2023-02-25T18:00:33 IST" skipped="0">
  <testcase classname="rahulshettyacademy.seleniumframeworkdesign.SeleniumGrid" name="homepage" time="14.934"/>
  <system-out/>
</testsuite> <!-- rahulshettyacademy.seleniumframeworkdesign.SeleniumGrid -->
