<?xml version="1.0" encoding="UTF-8"?>
<!-- Generated by org.testng.reporters.JUnitReportReporter -->
<testsuite hostname="DESKTOP-T9GRIS5" failures="0" tests="1" name="rahulshettyacademy.seleniumframeworkdesign.AutoIt" time="27.710" errors="0" timestamp="2023-02-08T16:06:18 IST" skipped="0">
  <testcase classname="rahulshettyacademy.seleniumframeworkdesign.AutoIt" name="homepage" time="27.710"/>
  <system-out/>
</testsuite> <!-- rahulshettyacademy.seleniumframeworkdesign.AutoIt -->
