<?xml version="1.0" encoding="UTF-8"?>
<!-- Generated by org.testng.reporters.JUnitReportReporter -->
<testsuite hostname="DESKTOP-T9GRIS5" failures="0" tests="1" name="rahulshettyacademy.seleniumframeworkdesign.ErrorValidation" time="15.026" errors="0" timestamp="2023-06-18T15:14:48 IST" skipped="0">
  <testcase classname="rahulshettyacademy.seleniumframeworkdesign.ErrorValidation" name="incorrectCredentials" time="15.026"/>
  <system-out/>
</testsuite> <!-- rahulshettyacademy.seleniumframeworkdesign.ErrorValidation -->
