<?xml version="1.0" encoding="UTF-8"?>
<!-- Generated by org.testng.reporters.JUnitReportReporter -->
<testsuite hostname="DESKTOP-T9GRIS5" failures="0" tests="1" name="rahulshettyacademy.seleniumframeworkdesign.AutoIt" time="114.318" errors="0" timestamp="2023-02-23T20:04:19 IST" skipped="0">
  <testcase classname="rahulshettyacademy.seleniumframeworkdesign.AutoIt" name="homepage" time="114.318"/>
  <system-out/>
</testsuite> <!-- rahulshettyacademy.seleniumframeworkdesign.AutoIt -->
