<?xml version="1.0" encoding="UTF-8"?>
<!-- Generated by org.testng.reporters.JUnitReportReporter -->
<testsuite hostname="DESKTOP-T9GRIS5" failures="0" tests="2" name="cucumber.TestNGTestRunner" time="87.343" errors="2" timestamp="2023-02-11T17:16:36 IST" skipped="0">
  <testcase classname="cucumber.TestNGTestRunner" name="runScenario" time="42.228">
    <error type="java.lang.NullPointerException">
      <![CDATA[java.lang.NullPointerException
at rahulshettyacademy.testcomponent.BaseTest.tearDown(BaseTest.java:122)
at rahulshettyacademy.stepdefinition.StepDefinition.closeBrowser(StepDefinition.java:37)
]]>
    </error>
  </testcase> <!-- runScenario -->
  <system-out/>
  <testcase classname="cucumber.TestNGTestRunner" name="runScenario" time="45.115">
    <error type="java.lang.NullPointerException">
      <![CDATA[java.lang.NullPointerException
at rahulshettyacademy.testcomponent.BaseTest.tearDown(BaseTest.java:122)
at rahulshettyacademy.stepdefinition.StepDefinition.closeBrowser(StepDefinition.java:37)
]]>
    </error>
  </testcase> <!-- runScenario -->
  <system-out/>
</testsuite> <!-- cucumber.TestNGTestRunner -->
