<?xml version="1.0" encoding="UTF-8"?>
<!-- Generated by org.testng.reporters.JUnitReportReporter -->
<testsuite hostname="DESKTOP-T9GRIS5" failures="0" tests="1" name="rahulshettyacademy.seleniumframeworkdesign.SeleniumGrid" time="35.352" errors="0" timestamp="2023-02-08T13:50:28 IST" skipped="0">
  <testcase classname="rahulshettyacademy.seleniumframeworkdesign.SeleniumGrid" name="homepage" time="35.352"/>
  <system-out/>
</testsuite> <!-- rahulshettyacademy.seleniumframeworkdesign.SeleniumGrid -->
