<?xml version="1.0" encoding="UTF-8"?>
<!-- Generated by org.testng.reporters.JUnitReportReporter -->
<testsuite hostname="DESKTOP-T9GRIS5" failures="0" tests="3" name="rahulshettyacademy.seleniumframeworkdesign.SubmitOrderTest" time="86.930" errors="0" timestamp="2023-02-10T17:03:27 IST" skipped="0">
  <testcase classname="rahulshettyacademy.seleniumframeworkdesign.SubmitOrderTest" name="submitorder" time="30.155"/>
  <system-out/>
  <testcase classname="rahulshettyacademy.seleniumframeworkdesign.SubmitOrderTest" name="ordersVerification" time="21.702"/>
  <system-out/>
  <testcase classname="rahulshettyacademy.seleniumframeworkdesign.SubmitOrderTest" name="submitorder" time="35.073"/>
  <system-out/>
</testsuite> <!-- rahulshettyacademy.seleniumframeworkdesign.SubmitOrderTest -->
