<?xml version="1.0" encoding="UTF-8"?>
<!-- Generated by org.testng.reporters.JUnitReportReporter -->
<testsuite hostname="DESKTOP-T9GRIS5" failures="0" tests="1" name="rahulshettyacademy.seleniumframeworkdesign.ErrorValidationTest" time="17.735" errors="0" timestamp="2023-08-06T18:23:24 IST" skipped="0">
  <testcase classname="rahulshettyacademy.seleniumframeworkdesign.ErrorValidationTest" name="incorrectCredentials" time="17.735"/>
  <system-out/>
</testsuite> <!-- rahulshettyacademy.seleniumframeworkdesign.ErrorValidationTest -->
