<?xml version="1.0" encoding="UTF-8"?>
<!-- Generated by org.testng.reporters.JUnitReportReporter -->
<testsuite hostname="DESKTOP-T9GRIS5" failures="0" tests="1" name="DataBaseTest" time="3.364" errors="0" timestamp="2023-07-17T16:39:36 IST" skipped="0">
  <testcase classname="DataBaseTest" name="databaseRecords" time="3.364"/>
  <system-out/>
</testsuite> <!-- DataBaseTest -->
