<?xml version="1.0" encoding="UTF-8"?>
<!-- Generated by org.testng.reporters.JUnitReportReporter -->
<testsuite hostname="DESKTOP-T9GRIS5" failures="0" tests="3" name="rahulshettyacademy.seleniumframeworkdesign.SubmitOrderTest" time="79.448" errors="0" timestamp="2023-02-10T17:43:15 IST" skipped="0">
  <testcase classname="rahulshettyacademy.seleniumframeworkdesign.SubmitOrderTest" name="ordersVerification" time="12.194"/>
  <system-out/>
  <testcase classname="rahulshettyacademy.seleniumframeworkdesign.SubmitOrderTest" name="submitorder" time="35.623"/>
  <system-out/>
  <testcase classname="rahulshettyacademy.seleniumframeworkdesign.SubmitOrderTest" name="submitorder" time="31.631"/>
  <system-out/>
</testsuite> <!-- rahulshettyacademy.seleniumframeworkdesign.SubmitOrderTest -->
