<?xml version="1.0" encoding="UTF-8"?>
<!-- Generated by org.testng.reporters.JUnitReportReporter -->
<testsuite hostname="DESKTOP-T9GRIS5" failures="0" tests="3" name="rahulshettyacademy.seleniumframeworkdesign.ErrorValidation" time="39.969" errors="0" timestamp="2023-02-10T17:43:16 IST" skipped="0">
  <testcase classname="rahulshettyacademy.seleniumframeworkdesign.ErrorValidation" name="productError" time="14.209"/>
  <system-out/>
  <testcase classname="rahulshettyacademy.seleniumframeworkdesign.ErrorValidation" name="incorrectCredentials" time="8.174"/>
  <system-out/>
  <testcase classname="rahulshettyacademy.seleniumframeworkdesign.ErrorValidation" name="productError" time="17.586"/>
  <system-out/>
</testsuite> <!-- rahulshettyacademy.seleniumframeworkdesign.ErrorValidation -->
