<?xml version="1.0" encoding="UTF-8"?>
<!-- Generated by org.testng.reporters.JUnitReportReporter -->
<testsuite hostname="DESKTOP-T9GRIS5" failures="0" tests="4" name="rahulshettyacademy.seleniumframeworkdesign.SubmitOrderTest" time="99.945" errors="0" timestamp="2023-08-06T18:23:24 IST" skipped="0">
  <testcase classname="rahulshettyacademy.seleniumframeworkdesign.SubmitOrderTest" name="cartValidation" time="23.508"/>
  <system-out/>
  <testcase classname="rahulshettyacademy.seleniumframeworkdesign.SubmitOrderTest" name="cartValidation" time="23.635"/>
  <system-out/>
  <testcase classname="rahulshettyacademy.seleniumframeworkdesign.SubmitOrderTest" name="submitorder" time="27.003"/>
  <system-out/>
  <testcase classname="rahulshettyacademy.seleniumframeworkdesign.SubmitOrderTest" name="submitorder" time="25.799"/>
  <system-out/>
</testsuite> <!-- rahulshettyacademy.seleniumframeworkdesign.SubmitOrderTest -->
